<?xml version="1.0" encoding="UTF-8"?>
<!-- Generated by org.testng.reporters.JUnitXMLReporter -->
<testsuite hostname="MININT-KA5C7LA" name="Test" tests="23" failures="6" timestamp="17 Dec 2014 01:40:20 GMT" time="941.174" errors="0">
  <testcase name="asCustomerICanCreateAOrderTest" time="53.931" classname="testcases.CBCS316_AsCustomerICanCreateAOrder"/>
  <testcase name="changeOrderStatusToInSafeTest" time="39.143" classname="testcases.CBCS306_AsReceiverICanChangeOrderStatusToInSafe">
    <failure type="org.openqa.selenium.NoSuchElementException" message="Unable to locate element: {&amp;quot;method&amp;quot;:&amp;quot;xpath&amp;quot;,&amp;quot;selector&amp;quot;:&amp;quot;//td/span[text()=&amp;apos;0002754-AA&amp;apos;]/../../td/span[contains(.,&amp;apos;In Safe&amp;apos;)]&amp;quot;}
Command duration or timeout: 30.07 seconds
For documentation on this error, please visit: http://seleniumhq.org/exceptions/no_such_element.html
Build info: version: &amp;apos;2.41.0&amp;apos;, revision: &amp;apos;3192d8a6c4449dc285928ba024779344f5423c58&amp;apos;, time: &amp;apos;2014-03-27 11:29:39&amp;apos;
System info: host: &amp;apos;MININT-KA5C7LA&amp;apos;, ip: &amp;apos;169.254.76.222&amp;apos;, os.name: &amp;apos;Windows 7&amp;apos;, os.arch: &amp;apos;amd64&amp;apos;, os.version: &amp;apos;6.1&amp;apos;, java.version: &amp;apos;1.7.0_25&amp;apos;
Session ID: dd7e44aa-131f-4e79-a202-d17dbc44bb58
Driver info: com.ts.commons.FirefoxDriver
Capabilities [{platform=XP, acceptSslCerts=true, javascriptEnabled=true, cssSelectorsEnabled=true, databaseEnabled=true, browserName=firefox, handlesAlerts=true, browserConnectionEnabled=true, webStorageEnabled=true, nativeEvents=false, rotatable=false, locationContextEnabled=true, applicationCacheEnabled=true, takesScreenshot=true, version=30.0}]">
      <![CDATA[org.openqa.selenium.NoSuchElementException: Unable to locate element: {"method":"xpath","selector":"//td/span[text()='0002754-AA']/../../td/span[contains(.,'In Safe')]"}
Command duration or timeout: 30.07 seconds
For documentation on this error, please visit: http://seleniumhq.org/exceptions/no_such_element.html
Build info: version: '2.41.0', revision: '3192d8a6c4449dc285928ba024779344f5423c58', time: '2014-03-27 11:29:39'
System info: host: 'MININT-KA5C7LA', ip: '169.254.76.222', os.name: 'Windows 7', os.arch: 'amd64', os.version: '6.1', java.version: '1.7.0_25'
Session ID: dd7e44aa-131f-4e79-a202-d17dbc44bb58
Driver info: com.ts.commons.FirefoxDriver
Capabilities [{platform=XP, acceptSslCerts=true, javascriptEnabled=true, cssSelectorsEnabled=true, databaseEnabled=true, browserName=firefox, handlesAlerts=true, browserConnectionEnabled=true, webStorageEnabled=true, nativeEvents=false, rotatable=false, locationContextEnabled=true, applicationCacheEnabled=true, takesScreenshot=true, version=30.0}]
	at org.openqa.selenium.remote.ErrorHandler.createThrowable(ErrorHandler.java:193)
	at org.openqa.selenium.remote.ErrorHandler.throwIfResponseFailed(ErrorHandler.java:145)
	at org.openqa.selenium.remote.RemoteWebDriver.execute(RemoteWebDriver.java:595)
	at org.openqa.selenium.remote.RemoteWebDriver.findElement(RemoteWebDriver.java:348)
	at org.openqa.selenium.remote.RemoteWebDriver.findElementByXPath(RemoteWebDriver.java:445)
	at org.openqa.selenium.By$ByXPath.findElement(By.java:357)
	at org.openqa.selenium.remote.RemoteWebDriver.findElement(RemoteWebDriver.java:340)
	at utils.Utils$2.Validate(Utils.java:86)
	at com.ts.commons.TestCaseUtil.check(TestCaseUtil.java:71)
	at testcases.CBCS306_AsReceiverICanChangeOrderStatusToInSafe.changeOrderStatusToInSafeTest(CBCS306_AsReceiverICanChangeOrderStatusToInSafe.java:74)
Caused by: org.openqa.selenium.remote.ErrorHandler$UnknownServerException: Unable to locate element: {"method":"xpath","selector":"//td/span[text()='0002754-AA']/../../td/span[contains(.,'In Safe')]"}
Build info: version: '2.41.0', revision: '3192d8a6c4449dc285928ba024779344f5423c58', time: '2014-03-27 11:29:39'
System info: host: 'MININT-KA5C7LA', ip: '169.254.76.222', os.name: 'Windows 7', os.arch: 'amd64', os.version: '6.1', java.version: '1.7.0_25'
Driver info: driver.version: unknown
	at <anonymous class>.FirefoxDriver.prototype.findElementInternal_(file:///C:/Users/Laur/AppData/Local/Temp/anonymous1220199972256237521webdriver-profile/extensions/fxdriver@googlecode.com/components/driver_component.js:8905:7)
	at <anonymous class>.fxdriver.Timer.prototype.setTimeout/<.notify(file:///C:/Users/Laur/AppData/Local/Temp/anonymous1220199972256237521webdriver-profile/extensions/fxdriver@googlecode.com/components/driver_component.js:396:5)
... Removed 28 stack frames]]>
    </failure>
  </testcase> <!-- changeOrderStatusToInSafeTest -->
  <testcase name="asGraderICanChangeTierStatusToGradedTest" time="99.921" classname="testcases.CBCS309_AsGraderICanChangeTierStatusToGraded">
    <failure type="org.openqa.selenium.NoSuchElementException" message="Unable to locate element: {&amp;quot;method&amp;quot;:&amp;quot;xpath&amp;quot;,&amp;quot;selector&amp;quot;:&amp;quot;//td/span[text()=&amp;apos;0002754-AA&amp;apos;]/../../td/span[contains(.,&amp;apos;Graded&amp;apos;)]&amp;quot;}
Command duration or timeout: 30.08 seconds
For documentation on this error, please visit: http://seleniumhq.org/exceptions/no_such_element.html
Build info: version: &amp;apos;2.41.0&amp;apos;, revision: &amp;apos;3192d8a6c4449dc285928ba024779344f5423c58&amp;apos;, time: &amp;apos;2014-03-27 11:29:39&amp;apos;
System info: host: &amp;apos;MININT-KA5C7LA&amp;apos;, ip: &amp;apos;169.254.76.222&amp;apos;, os.name: &amp;apos;Windows 7&amp;apos;, os.arch: &amp;apos;amd64&amp;apos;, os.version: &amp;apos;6.1&amp;apos;, java.version: &amp;apos;1.7.0_25&amp;apos;
Session ID: 2a9e85bf-d324-4b40-a026-0d5ae4a3b87b
Driver info: com.ts.commons.FirefoxDriver
Capabilities [{platform=XP, acceptSslCerts=true, javascriptEnabled=true, cssSelectorsEnabled=true, databaseEnabled=true, browserName=firefox, handlesAlerts=true, browserConnectionEnabled=true, webStorageEnabled=true, nativeEvents=false, rotatable=false, locationContextEnabled=true, applicationCacheEnabled=true, takesScreenshot=true, version=30.0}]">
      <![CDATA[org.openqa.selenium.NoSuchElementException: Unable to locate element: {"method":"xpath","selector":"//td/span[text()='0002754-AA']/../../td/span[contains(.,'Graded')]"}
Command duration or timeout: 30.08 seconds
For documentation on this error, please visit: http://seleniumhq.org/exceptions/no_such_element.html
Build info: version: '2.41.0', revision: '3192d8a6c4449dc285928ba024779344f5423c58', time: '2014-03-27 11:29:39'
System info: host: 'MININT-KA5C7LA', ip: '169.254.76.222', os.name: 'Windows 7', os.arch: 'amd64', os.version: '6.1', java.version: '1.7.0_25'
Session ID: 2a9e85bf-d324-4b40-a026-0d5ae4a3b87b
Driver info: com.ts.commons.FirefoxDriver
Capabilities [{platform=XP, acceptSslCerts=true, javascriptEnabled=true, cssSelectorsEnabled=true, databaseEnabled=true, browserName=firefox, handlesAlerts=true, browserConnectionEnabled=true, webStorageEnabled=true, nativeEvents=false, rotatable=false, locationContextEnabled=true, applicationCacheEnabled=true, takesScreenshot=true, version=30.0}]
	at org.openqa.selenium.remote.ErrorHandler.createThrowable(ErrorHandler.java:193)
	at org.openqa.selenium.remote.ErrorHandler.throwIfResponseFailed(ErrorHandler.java:145)
	at org.openqa.selenium.remote.RemoteWebDriver.execute(RemoteWebDriver.java:595)
	at org.openqa.selenium.remote.RemoteWebDriver.findElement(RemoteWebDriver.java:348)
	at org.openqa.selenium.remote.RemoteWebDriver.findElementByXPath(RemoteWebDriver.java:445)
	at org.openqa.selenium.By$ByXPath.findElement(By.java:357)
	at org.openqa.selenium.remote.RemoteWebDriver.findElement(RemoteWebDriver.java:340)
	at utils.Utils$2.Validate(Utils.java:86)
	at com.ts.commons.TestCaseUtil.check(TestCaseUtil.java:71)
	at testcases.CBCS309_AsGraderICanChangeTierStatusToGraded.asGraderICanChangeTierStatusToGradedTest(CBCS309_AsGraderICanChangeTierStatusToGraded.java:133)
Caused by: org.openqa.selenium.remote.ErrorHandler$UnknownServerException: Unable to locate element: {"method":"xpath","selector":"//td/span[text()='0002754-AA']/../../td/span[contains(.,'Graded')]"}
Build info: version: '2.41.0', revision: '3192d8a6c4449dc285928ba024779344f5423c58', time: '2014-03-27 11:29:39'
System info: host: 'MININT-KA5C7LA', ip: '169.254.76.222', os.name: 'Windows 7', os.arch: 'amd64', os.version: '6.1', java.version: '1.7.0_25'
Driver info: driver.version: unknown
	at <anonymous class>.FirefoxDriver.prototype.findElementInternal_(file:///C:/Users/Laur/AppData/Local/Temp/anonymous6236478822604126635webdriver-profile/extensions/fxdriver@googlecode.com/components/driver_component.js:8905:7)
	at <anonymous class>.fxdriver.Timer.prototype.setTimeout/<.notify(file:///C:/Users/Laur/AppData/Local/Temp/anonymous6236478822604126635webdriver-profile/extensions/fxdriver@googlecode.com/components/driver_component.js:396:5)
... Removed 28 stack frames]]>
    </failure>
  </testcase> <!-- asGraderICanChangeTierStatusToGradedTest -->
  <testcase name="asFinalizerICanQualifyAComicTest" time="103.467" classname="testcases.CBCS81_AsFinalizerICanQualifyAComic">
    <failure type="org.openqa.selenium.NoSuchElementException" message="Unable to locate element: {&amp;quot;method&amp;quot;:&amp;quot;xpath&amp;quot;,&amp;quot;selector&amp;quot;:&amp;quot;//td/span[text()=&amp;apos;0002754-AA&amp;apos;]/../../td/span[contains(.,&amp;apos;Finalized&amp;apos;)]&amp;quot;}
Command duration or timeout: 30.07 seconds
For documentation on this error, please visit: http://seleniumhq.org/exceptions/no_such_element.html
Build info: version: &amp;apos;2.41.0&amp;apos;, revision: &amp;apos;3192d8a6c4449dc285928ba024779344f5423c58&amp;apos;, time: &amp;apos;2014-03-27 11:29:39&amp;apos;
System info: host: &amp;apos;MININT-KA5C7LA&amp;apos;, ip: &amp;apos;169.254.76.222&amp;apos;, os.name: &amp;apos;Windows 7&amp;apos;, os.arch: &amp;apos;amd64&amp;apos;, os.version: &amp;apos;6.1&amp;apos;, java.version: &amp;apos;1.7.0_25&amp;apos;
Session ID: a739c3aa-8a49-4929-9a3a-96d874103a0b
Driver info: com.ts.commons.FirefoxDriver
Capabilities [{platform=XP, acceptSslCerts=true, javascriptEnabled=true, cssSelectorsEnabled=true, databaseEnabled=true, browserName=firefox, handlesAlerts=true, browserConnectionEnabled=true, webStorageEnabled=true, nativeEvents=false, rotatable=false, locationContextEnabled=true, applicationCacheEnabled=true, takesScreenshot=true, version=30.0}]">
      <![CDATA[org.openqa.selenium.NoSuchElementException: Unable to locate element: {"method":"xpath","selector":"//td/span[text()='0002754-AA']/../../td/span[contains(.,'Finalized')]"}
Command duration or timeout: 30.07 seconds
For documentation on this error, please visit: http://seleniumhq.org/exceptions/no_such_element.html
Build info: version: '2.41.0', revision: '3192d8a6c4449dc285928ba024779344f5423c58', time: '2014-03-27 11:29:39'
System info: host: 'MININT-KA5C7LA', ip: '169.254.76.222', os.name: 'Windows 7', os.arch: 'amd64', os.version: '6.1', java.version: '1.7.0_25'
Session ID: a739c3aa-8a49-4929-9a3a-96d874103a0b
Driver info: com.ts.commons.FirefoxDriver
Capabilities [{platform=XP, acceptSslCerts=true, javascriptEnabled=true, cssSelectorsEnabled=true, databaseEnabled=true, browserName=firefox, handlesAlerts=true, browserConnectionEnabled=true, webStorageEnabled=true, nativeEvents=false, rotatable=false, locationContextEnabled=true, applicationCacheEnabled=true, takesScreenshot=true, version=30.0}]
	at org.openqa.selenium.remote.ErrorHandler.createThrowable(ErrorHandler.java:193)
	at org.openqa.selenium.remote.ErrorHandler.throwIfResponseFailed(ErrorHandler.java:145)
	at org.openqa.selenium.remote.RemoteWebDriver.execute(RemoteWebDriver.java:595)
	at org.openqa.selenium.remote.RemoteWebDriver.findElement(RemoteWebDriver.java:348)
	at org.openqa.selenium.remote.RemoteWebDriver.findElementByXPath(RemoteWebDriver.java:445)
	at org.openqa.selenium.By$ByXPath.findElement(By.java:357)
	at org.openqa.selenium.remote.RemoteWebDriver.findElement(RemoteWebDriver.java:340)
	at utils.Utils$2.Validate(Utils.java:86)
	at com.ts.commons.TestCaseUtil.check(TestCaseUtil.java:71)
	at testcases.CBCS81_AsFinalizerICanQualifyAComic.asFinalizerICanQualifyAComicTest(CBCS81_AsFinalizerICanQualifyAComic.java:127)
Caused by: org.openqa.selenium.remote.ErrorHandler$UnknownServerException: Unable to locate element: {"method":"xpath","selector":"//td/span[text()='0002754-AA']/../../td/span[contains(.,'Finalized')]"}
Build info: version: '2.41.0', revision: '3192d8a6c4449dc285928ba024779344f5423c58', time: '2014-03-27 11:29:39'
System info: host: 'MININT-KA5C7LA', ip: '169.254.76.222', os.name: 'Windows 7', os.arch: 'amd64', os.version: '6.1', java.version: '1.7.0_25'
Driver info: driver.version: unknown
	at <anonymous class>.FirefoxDriver.prototype.findElementInternal_(file:///C:/Users/Laur/AppData/Local/Temp/anonymous1385365678988963347webdriver-profile/extensions/fxdriver@googlecode.com/components/driver_component.js:8905:7)
	at <anonymous class>.fxdriver.Timer.prototype.setTimeout/<.notify(file:///C:/Users/Laur/AppData/Local/Temp/anonymous1385365678988963347webdriver-profile/extensions/fxdriver@googlecode.com/components/driver_component.js:396:5)
... Removed 28 stack frames]]>
    </failure>
  </testcase> <!-- asFinalizerICanQualifyAComicTest -->
  <testcase name="asSlabICanPrintLabelsOfAllComicBooksTest" time="40.042" classname="testcases.CBCS308_AsSlabICanPrintLabelsOfAllComicBooks">
    <failure type="org.openqa.selenium.NoSuchElementException" message="Unable to locate element: {&amp;quot;method&amp;quot;:&amp;quot;xpath&amp;quot;,&amp;quot;selector&amp;quot;:&amp;quot;//td/span[text()=&amp;apos;0002754-AA&amp;apos;]/../../td/span[contains(.,&amp;apos;Slab&amp;apos;)]&amp;quot;}
Command duration or timeout: 30.11 seconds
For documentation on this error, please visit: http://seleniumhq.org/exceptions/no_such_element.html
Build info: version: &amp;apos;2.41.0&amp;apos;, revision: &amp;apos;3192d8a6c4449dc285928ba024779344f5423c58&amp;apos;, time: &amp;apos;2014-03-27 11:29:39&amp;apos;
System info: host: &amp;apos;MININT-KA5C7LA&amp;apos;, ip: &amp;apos;169.254.76.222&amp;apos;, os.name: &amp;apos;Windows 7&amp;apos;, os.arch: &amp;apos;amd64&amp;apos;, os.version: &amp;apos;6.1&amp;apos;, java.version: &amp;apos;1.7.0_25&amp;apos;
Session ID: dc9abbe9-396a-47cb-8b1b-3b8d2cc9731e
Driver info: com.ts.commons.FirefoxDriver
Capabilities [{platform=XP, acceptSslCerts=true, javascriptEnabled=true, cssSelectorsEnabled=true, databaseEnabled=true, browserName=firefox, handlesAlerts=true, browserConnectionEnabled=true, webStorageEnabled=true, nativeEvents=false, rotatable=false, locationContextEnabled=true, applicationCacheEnabled=true, takesScreenshot=true, version=30.0}]">
      <![CDATA[org.openqa.selenium.NoSuchElementException: Unable to locate element: {"method":"xpath","selector":"//td/span[text()='0002754-AA']/../../td/span[contains(.,'Slab')]"}
Command duration or timeout: 30.11 seconds
For documentation on this error, please visit: http://seleniumhq.org/exceptions/no_such_element.html
Build info: version: '2.41.0', revision: '3192d8a6c4449dc285928ba024779344f5423c58', time: '2014-03-27 11:29:39'
System info: host: 'MININT-KA5C7LA', ip: '169.254.76.222', os.name: 'Windows 7', os.arch: 'amd64', os.version: '6.1', java.version: '1.7.0_25'
Session ID: dc9abbe9-396a-47cb-8b1b-3b8d2cc9731e
Driver info: com.ts.commons.FirefoxDriver
Capabilities [{platform=XP, acceptSslCerts=true, javascriptEnabled=true, cssSelectorsEnabled=true, databaseEnabled=true, browserName=firefox, handlesAlerts=true, browserConnectionEnabled=true, webStorageEnabled=true, nativeEvents=false, rotatable=false, locationContextEnabled=true, applicationCacheEnabled=true, takesScreenshot=true, version=30.0}]
	at org.openqa.selenium.remote.ErrorHandler.createThrowable(ErrorHandler.java:193)
	at org.openqa.selenium.remote.ErrorHandler.throwIfResponseFailed(ErrorHandler.java:145)
	at org.openqa.selenium.remote.RemoteWebDriver.execute(RemoteWebDriver.java:595)
	at org.openqa.selenium.remote.RemoteWebDriver.findElement(RemoteWebDriver.java:348)
	at org.openqa.selenium.remote.RemoteWebDriver.findElementByXPath(RemoteWebDriver.java:445)
	at org.openqa.selenium.By$ByXPath.findElement(By.java:357)
	at org.openqa.selenium.remote.RemoteWebDriver.findElement(RemoteWebDriver.java:340)
	at utils.Utils$2.Validate(Utils.java:86)
	at com.ts.commons.TestCaseUtil.check(TestCaseUtil.java:71)
	at testcases.CBCS308_AsSlabICanPrintLabelsOfAllComicBooks.asSlabICanPrintLabelsOfAllComicBooksTest(CBCS308_AsSlabICanPrintLabelsOfAllComicBooks.java:89)
Caused by: org.openqa.selenium.remote.ErrorHandler$UnknownServerException: Unable to locate element: {"method":"xpath","selector":"//td/span[text()='0002754-AA']/../../td/span[contains(.,'Slab')]"}
Build info: version: '2.41.0', revision: '3192d8a6c4449dc285928ba024779344f5423c58', time: '2014-03-27 11:29:39'
System info: host: 'MININT-KA5C7LA', ip: '169.254.76.222', os.name: 'Windows 7', os.arch: 'amd64', os.version: '6.1', java.version: '1.7.0_25'
Driver info: driver.version: unknown
	at <anonymous class>.FirefoxDriver.prototype.findElementInternal_(file:///C:/Users/Laur/AppData/Local/Temp/anonymous696684438852070015webdriver-profile/extensions/fxdriver@googlecode.com/components/driver_component.js:8905:7)
	at <anonymous class>.fxdriver.Timer.prototype.setTimeout/<.notify(file:///C:/Users/Laur/AppData/Local/Temp/anonymous696684438852070015webdriver-profile/extensions/fxdriver@googlecode.com/components/driver_component.js:396:5)
... Removed 28 stack frames]]>
    </failure>
  </testcase> <!-- asSlabICanPrintLabelsOfAllComicBooksTest -->
  <testcase name="asQCICanMarkATierLikeQCFinishedTest" time="15.513" classname="testcases.CBCS86_AsQCICanMarkATierLikeQCFinished">
    <failure type="org.openqa.selenium.ElementNotVisibleException" message="Element is not currently visible and so may not be interacted with
Command duration or timeout: 5.06 seconds
Build info: version: &amp;apos;2.41.0&amp;apos;, revision: &amp;apos;3192d8a6c4449dc285928ba024779344f5423c58&amp;apos;, time: &amp;apos;2014-03-27 11:29:39&amp;apos;
System info: host: &amp;apos;MININT-KA5C7LA&amp;apos;, ip: &amp;apos;169.254.76.222&amp;apos;, os.name: &amp;apos;Windows 7&amp;apos;, os.arch: &amp;apos;amd64&amp;apos;, os.version: &amp;apos;6.1&amp;apos;, java.version: &amp;apos;1.7.0_25&amp;apos;
Session ID: ee7bdb67-983a-4d9f-bf37-e024a680f84e
Driver info: com.ts.commons.FirefoxDriver
Capabilities [{platform=XP, acceptSslCerts=true, javascriptEnabled=true, cssSelectorsEnabled=true, databaseEnabled=true, browserName=firefox, handlesAlerts=true, browserConnectionEnabled=true, webStorageEnabled=true, nativeEvents=false, rotatable=false, locationContextEnabled=true, applicationCacheEnabled=true, takesScreenshot=true, version=30.0}]">
      <![CDATA[org.openqa.selenium.ElementNotVisibleException: Element is not currently visible and so may not be interacted with
Command duration or timeout: 5.06 seconds
Build info: version: '2.41.0', revision: '3192d8a6c4449dc285928ba024779344f5423c58', time: '2014-03-27 11:29:39'
System info: host: 'MININT-KA5C7LA', ip: '169.254.76.222', os.name: 'Windows 7', os.arch: 'amd64', os.version: '6.1', java.version: '1.7.0_25'
Session ID: ee7bdb67-983a-4d9f-bf37-e024a680f84e
Driver info: com.ts.commons.FirefoxDriver
Capabilities [{platform=XP, acceptSslCerts=true, javascriptEnabled=true, cssSelectorsEnabled=true, databaseEnabled=true, browserName=firefox, handlesAlerts=true, browserConnectionEnabled=true, webStorageEnabled=true, nativeEvents=false, rotatable=false, locationContextEnabled=true, applicationCacheEnabled=true, takesScreenshot=true, version=30.0}]
	at org.openqa.selenium.remote.ErrorHandler.createThrowable(ErrorHandler.java:193)
	at org.openqa.selenium.remote.ErrorHandler.throwIfResponseFailed(ErrorHandler.java:145)
	at org.openqa.selenium.remote.RemoteWebDriver.execute(RemoteWebDriver.java:595)
	at org.openqa.selenium.remote.RemoteWebElement.execute(RemoteWebElement.java:268)
	at org.openqa.selenium.remote.RemoteWebElement.click(RemoteWebElement.java:79)
	at org.openqa.selenium.support.pagefactory.internal.LocatingElementHandler.invoke(LocatingElementHandler.java:41)
	at com.sun.proxy.$Proxy10.click(Unknown Source)
	at pages.TierDetailsQCPage.clickQCFinishedCheckbox(TierDetailsQCPage.java:41)
	at testcases.CBCS86_AsQCICanMarkATierLikeQCFinished.asQCICanMarkATierLikeQCFinishedTest(CBCS86_AsQCICanMarkATierLikeQCFinished.java:83)
Caused by: org.openqa.selenium.remote.ErrorHandler$UnknownServerException: Element is not currently visible and so may not be interacted with
Build info: version: '2.41.0', revision: '3192d8a6c4449dc285928ba024779344f5423c58', time: '2014-03-27 11:29:39'
System info: host: 'MININT-KA5C7LA', ip: '169.254.76.222', os.name: 'Windows 7', os.arch: 'amd64', os.version: '6.1', java.version: '1.7.0_25'
Driver info: driver.version: unknown
	at <anonymous class>.fxdriver.preconditions.visible(file:///C:/Users/Laur/AppData/Local/Temp/anonymous8609106500083775333webdriver-profile/extensions/fxdriver@googlecode.com/components/command_processor.js:8225:5)
	at <anonymous class>.DelayedCommand.prototype.checkPreconditions_(file:///C:/Users/Laur/AppData/Local/Temp/anonymous8609106500083775333webdriver-profile/extensions/fxdriver@googlecode.com/components/command_processor.js:10867:1)
	at <anonymous class>.DelayedCommand.prototype.executeInternal_/h(file:///C:/Users/Laur/AppData/Local/Temp/anonymous8609106500083775333webdriver-profile/extensions/fxdriver@googlecode.com/components/command_processor.js:10884:11)
	at <anonymous class>.fxdriver.Timer.prototype.setTimeout/<.notify(file:///C:/Users/Laur/AppData/Local/Temp/anonymous8609106500083775333webdriver-profile/extensions/fxdriver@googlecode.com/components/command_processor.js:396:5)
... Removed 31 stack frames]]>
    </failure>
  </testcase> <!-- asQCICanMarkATierLikeQCFinishedTest -->
  <testcase name="changeTierStatusToShippedTest" time="13.604" classname="testcases.CBCS138_AsShippingICanChangeTierStatusToShipped"/>
  <testcase name="asReiverSearchOneOrderUsingOrderNumberTest" time="8.482" classname="testcases.CBCS105_AsReiverSearchOneOrderUsingOrderNumber"/>
  <testcase name="asAdminIMayDeleteAReceiverTest" time="48.494" classname="testcases.CBCS315_AsAdminICanDeleteAReceiver"/>
  <testcase name="asCustomerIMayAddANewBillingAddressTest" time="20.407" classname="testcases.CBCS80_AsCustomerICanAddANewBillingAddress"/>
  <testcase name="asCustomerICanSeeTheListOfAllMyOrdersTest" time="10.742" classname="testcases.CBCS316_AsCustomerICanSeeTheListOfAllMyOrders"/>
  <testcase name="asCustomerICanSelectPickUpAtConvetionAsShippingTest" time="54.564" classname="testcases.CBCS_321AsCustomerICanSelectPickUpAtConvetionAsShipping"/>
  <testcase name="asCustomerICanAddANewShippingAddressTest" time="48.84" classname="testcases.CBCS316_AsCustomerICanAddANewShippingAddress">
    <failure type="org.openqa.selenium.StaleElementReferenceException" message="Element not found in the cache - perhaps the page has changed since it was looked up
Command duration or timeout: 30.12 seconds
For documentation on this error, please visit: http://seleniumhq.org/exceptions/stale_element_reference.html
Build info: version: &amp;apos;2.41.0&amp;apos;, revision: &amp;apos;3192d8a6c4449dc285928ba024779344f5423c58&amp;apos;, time: &amp;apos;2014-03-27 11:29:39&amp;apos;
System info: host: &amp;apos;MININT-KA5C7LA&amp;apos;, ip: &amp;apos;169.254.76.222&amp;apos;, os.name: &amp;apos;Windows 7&amp;apos;, os.arch: &amp;apos;amd64&amp;apos;, os.version: &amp;apos;6.1&amp;apos;, java.version: &amp;apos;1.7.0_25&amp;apos;
Session ID: 52abe2af-6738-449e-b970-e4fa1f435f9f
Driver info: com.ts.commons.FirefoxDriver
Capabilities [{platform=XP, acceptSslCerts=true, javascriptEnabled=true, cssSelectorsEnabled=true, databaseEnabled=true, browserName=firefox, handlesAlerts=true, browserConnectionEnabled=true, webStorageEnabled=true, nativeEvents=false, rotatable=false, locationContextEnabled=true, applicationCacheEnabled=true, takesScreenshot=true, version=30.0}]">
      <![CDATA[org.openqa.selenium.StaleElementReferenceException: Element not found in the cache - perhaps the page has changed since it was looked up
Command duration or timeout: 30.12 seconds
For documentation on this error, please visit: http://seleniumhq.org/exceptions/stale_element_reference.html
Build info: version: '2.41.0', revision: '3192d8a6c4449dc285928ba024779344f5423c58', time: '2014-03-27 11:29:39'
System info: host: 'MININT-KA5C7LA', ip: '169.254.76.222', os.name: 'Windows 7', os.arch: 'amd64', os.version: '6.1', java.version: '1.7.0_25'
Session ID: 52abe2af-6738-449e-b970-e4fa1f435f9f
Driver info: com.ts.commons.FirefoxDriver
Capabilities [{platform=XP, acceptSslCerts=true, javascriptEnabled=true, cssSelectorsEnabled=true, databaseEnabled=true, browserName=firefox, handlesAlerts=true, browserConnectionEnabled=true, webStorageEnabled=true, nativeEvents=false, rotatable=false, locationContextEnabled=true, applicationCacheEnabled=true, takesScreenshot=true, version=30.0}]
	at org.openqa.selenium.remote.ErrorHandler.createThrowable(ErrorHandler.java:193)
	at org.openqa.selenium.remote.ErrorHandler.throwIfResponseFailed(ErrorHandler.java:145)
	at org.openqa.selenium.remote.RemoteWebDriver.execute(RemoteWebDriver.java:595)
	at org.openqa.selenium.remote.RemoteWebElement.execute(RemoteWebElement.java:268)
	at org.openqa.selenium.remote.RemoteWebElement.getText(RemoteWebElement.java:152)
	at pages.AddressesInformationCustomerPage.isTextPresentInShippingAddress(AddressesInformationCustomerPage.java:376)
	at pages.AddressesInformationCustomerPage$5.Validate(AddressesInformationCustomerPage.java:421)
	at com.ts.commons.TestCaseUtil.check(TestCaseUtil.java:71)
	at testcases.CBCS316_AsCustomerICanAddANewShippingAddress.asCustomerICanAddANewShippingAddressTest(CBCS316_AsCustomerICanAddANewShippingAddress.java:104)
Caused by: org.openqa.selenium.remote.ErrorHandler$UnknownServerException: Element not found in the cache - perhaps the page has changed since it was looked up
Build info: version: '2.41.0', revision: '3192d8a6c4449dc285928ba024779344f5423c58', time: '2014-03-27 11:29:39'
System info: host: 'MININT-KA5C7LA', ip: '169.254.76.222', os.name: 'Windows 7', os.arch: 'amd64', os.version: '6.1', java.version: '1.7.0_25'
Driver info: driver.version: unknown
	at <anonymous class>.fxdriver.cache.getElementAt(resource://fxdriver/modules/web_element_cache.js:7610:5)
	at <anonymous class>.Utils.getElementAt(file:///C:/Users/Laur/AppData/Local/Temp/anonymous3921029865329728316webdriver-profile/extensions/fxdriver@googlecode.com/components/command_processor.js:7210:3)
	at <anonymous class>.WebElement.getElementText(file:///C:/Users/Laur/AppData/Local/Temp/anonymous3921029865329728316webdriver-profile/extensions/fxdriver@googlecode.com/components/command_processor.js:10322:1)
	at <anonymous class>.DelayedCommand.prototype.executeInternal_/h(file:///C:/Users/Laur/AppData/Local/Temp/anonymous3921029865329728316webdriver-profile/extensions/fxdriver@googlecode.com/components/command_processor.js:10884:11)
	at <anonymous class>.fxdriver.Timer.prototype.setTimeout/<.notify(file:///C:/Users/Laur/AppData/Local/Temp/anonymous3921029865329728316webdriver-profile/extensions/fxdriver@googlecode.com/components/command_processor.js:396:5)
... Removed 28 stack frames]]>
    </failure>
  </testcase> <!-- asCustomerICanAddANewShippingAddressTest -->
  <testcase name="asCustomerICanSelectPickUpAtCBCSAsShippingTest" time="54.306" classname="testcases.CBCS_320AsCustomerICanSelectPickUpAtCBCSAsShipping"/>
  <testcase name="receiverLoginTest" time="4.931" classname="testcases.CBCS305_ReceiverLogin"/>
  <testcase name="asCustomerICanDeleteABillingAddressTest" time="29.741" classname="testcases.CBCS_318AsCustomerICanDeleteABillingAddress"/>
  <testcase name="asCustomerICanUseMyBillingAddressAsShippingAddressTest" time="18.698" classname="testcases.CBCS317_AsCustomerICanUseMyBillingAddressAsShippingAddress"/>
  <testcase name="asCustomerICanAddACouponToTheaOrderTest" time="58.505" classname="testcases.CBCS214_AsCustomerICanAddACouponToTheaOrder"/>
  <testcase name="adminLoginTest" time="3.812" classname="testcases.CBCS77_AdminLogin"/>
  <testcase name="asCustomerICanSeeEventsCalendarTest" time="10.162" classname="testcases.CBCS318_AsCustomerICanSeeTheCalendar"/>
  <testcase name="asAdminIMayCreateAReceiverUserTest" time="8.478" classname="testcases.CBCS92_AsAdminICanCreateAReceiverUser"/>
  <testcase name="asCustomerICanEditABillingAddressTest" time="39.399" classname="testcases.CBCS_319AsCustomerICanEditABillingAddress"/>
  <testcase name="validateExpandedConsumerTierRulesCorrectlyTest" time="56.049" classname="testcases.CBCS183_ValidateExpandedConsumerTierRulesCorrectly"/>
</testsuite> <!-- Test -->
