<?xml version="1.0" encoding="UTF-8"?>
<testng-results skipped="0" failed="0" total="1" passed="1">
  <reporter-output>
  </reporter-output>
  <suite name="Default suite" duration-ms="20218" started-at="2015-01-28T23:48:37Z" finished-at="2015-01-28T23:48:57Z">
    <groups>
    </groups>
    <test name="Default test" duration-ms="20218" started-at="2015-01-28T23:48:37Z" finished-at="2015-01-28T23:48:57Z">
      <class name="testcases.CBCS_326AsAdminICanEditAVariant">
        <test-method status="PASS" signature="setup()[pri:0, instance:testcases.CBCS_326AsAdminICanEditAVariant@3ac3fd8b]" name="setup" is-config="true" duration-ms="2875" started-at="2015-01-28T17:48:37Z" finished-at="2015-01-28T17:48:40Z">
          <reporter-output>
          </reporter-output>
        </test-method> <!-- setup -->
        <test-method status="PASS" signature="asAdminICanEditAVariantTest(java.lang.String, java.lang.String, java.lang.String, java.lang.String, java.lang.String, java.lang.String)[pri:0, instance:testcases.CBCS_326AsAdminICanEditAVariant@3ac3fd8b]" name="asAdminICanEditAVariantTest" duration-ms="12343" started-at="2015-01-28T17:48:40Z" data-provider="data" finished-at="2015-01-28T17:48:52Z">
          <params>
            <param index="0">
              <value>
                <![CDATA[lqadmin]]>
              </value>
            </param>
            <param index="1">
              <value>
                <![CDATA[123]]>
              </value>
            </param>
            <param index="2">
              <value>
                <![CDATA[admin]]>
              </value>
            </param>
            <param index="3">
              <value>
                <![CDATA[Variants]]>
              </value>
            </param>
            <param index="4">
              <value>
                <![CDATA[VariantTest]]>
              </value>
            </param>
            <param index="5">
              <value>
                <![CDATA[VariantEdited]]>
              </value>
            </param>
          </params>
          <reporter-output>
          </reporter-output>
        </test-method> <!-- asAdminICanEditAVariantTest -->
        <test-method status="PASS" signature="close()[pri:0, instance:testcases.CBCS_326AsAdminICanEditAVariant@3ac3fd8b]" name="close" is-config="true" duration-ms="4459" started-at="2015-01-28T17:48:53Z" finished-at="2015-01-28T17:48:57Z">
          <reporter-output>
          </reporter-output>
        </test-method> <!-- close -->
        <test-method status="PASS" signature="validateTestStandar(org.testng.ITestResult)[pri:0, instance:testcases.CBCS_326AsAdminICanEditAVariant@3ac3fd8b]" name="validateTestStandar" is-config="true" duration-ms="1" started-at="2015-01-28T17:48:57Z" finished-at="2015-01-28T17:48:57Z">
          <params>
            <param index="0">
              <value>
                <![CDATA[[TestResult name=asAdminICanEditAVariantTest status=SUCCESS method=CBCS_326AsAdminICanEditAVariant.asAdminICanEditAVariantTest(java.lang.String, java.lang.String, java.lang.String, java.lang.String, java.lang.String, java.lang.String)[pri:0, instance:testcases.CBCS_326AsAdminICanEditAVariant@3ac3fd8b] output={null}]]]>
              </value>
            </param>
          </params>
          <reporter-output>
          </reporter-output>
        </test-method> <!-- validateTestStandar -->
      </class> <!-- testcases.CBCS_326AsAdminICanEditAVariant -->
    </test> <!-- Default test -->
  </suite> <!-- Default suite -->
</testng-results>
