<?xml version="1.0" encoding="UTF-8"?>
<testng-results skipped="4" failed="7" total="33" passed="22">
  <reporter-output>
  </reporter-output>
  <suite name="Suite" duration-ms="981444" started-at="2015-01-28T14:51:51Z" finished-at="2015-01-28T15:08:13Z">
    <groups>
      <group name="FinalizerICanQualifyAComic">
        <method signature="CBCS_81AsFinalizerICanQualifyAComic.asFinalizerICanQualifyAComicTest(java.lang.String, java.lang.String, java.lang.String, java.lang.String, java.lang.String, java.lang.String, java.lang.String, java.lang.String, java.lang.String, java.lang.String, java.lang.String)[pri:0, instance:testcases.CBCS_81AsFinalizerICanQualifyAComic@380fb434]" name="asFinalizerICanQualifyAComicTest" class="testcases.CBCS_81AsFinalizerICanQualifyAComic"/>
      </group> <!-- FinalizerICanQualifyAComic -->
      <group name="CreateOrder">
        <method signature="CBCS_316AsCustomerICanCreateAOrder.asCustomerICanCreateAOrderTest(java.lang.String, java.lang.String, java.lang.String, java.lang.String, java.lang.String, java.lang.String, java.lang.String, java.lang.String, java.lang.String, java.lang.String)[pri:0, instance:testcases.CBCS_316AsCustomerICanCreateAOrder@3d8c7aca]" name="asCustomerICanCreateAOrderTest" class="testcases.CBCS_316AsCustomerICanCreateAOrder"/>
      </group> <!-- CreateOrder -->
      <group name="printLabelsOfAllComicBooks">
        <method signature="CBCS_308AsSlabICanPrintLabelsOfAllComicBooks.asSlabICanPrintLabelsOfAllComicBooksTest(java.lang.String, java.lang.String, java.lang.String, java.lang.String, java.lang.String, java.lang.String, java.lang.String, java.lang.String, java.lang.String, java.lang.String, java.lang.String)[pri:0, instance:testcases.CBCS_308AsSlabICanPrintLabelsOfAllComicBooks@6aaa5eb0]" name="asSlabICanPrintLabelsOfAllComicBooksTest" class="testcases.CBCS_308AsSlabICanPrintLabelsOfAllComicBooks"/>
      </group> <!-- printLabelsOfAllComicBooks -->
      <group name="changeTierStatusToGraded">
        <method signature="CBCS_309AsGraderICanChangeTierStatusToGraded.asGraderICanChangeTierStatusToGradedTest(java.lang.String, java.lang.String, java.lang.String, java.lang.String, java.lang.String, java.lang.String, java.lang.String, java.lang.String, java.lang.String, java.lang.String, java.lang.String)[pri:0, instance:testcases.CBCS_309AsGraderICanChangeTierStatusToGraded@17550481]" name="asGraderICanChangeTierStatusToGradedTest" class="testcases.CBCS_309AsGraderICanChangeTierStatusToGraded"/>
      </group> <!-- changeTierStatusToGraded -->
      <group name="changeOrderStatusToInSafe">
        <method signature="CBCS_306AsReceiverICanChangeOrderStatusToInSafe.changeOrderStatusToInSafeTest(java.lang.String, java.lang.String, java.lang.String, java.lang.String, java.lang.String, java.lang.String, java.lang.String, java.lang.String, java.lang.String, java.lang.String, java.lang.String)[pri:0, instance:testcases.CBCS_306AsReceiverICanChangeOrderStatusToInSafe@246ae04d]" name="changeOrderStatusToInSafeTest" class="testcases.CBCS_306AsReceiverICanChangeOrderStatusToInSafe"/>
      </group> <!-- changeOrderStatusToInSafe -->
    </groups>
    <test name="Test" duration-ms="981444" started-at="2015-01-28T14:51:51Z" finished-at="2015-01-28T15:08:13Z">
      <class name="testcases.CBCS_316AsCustomerICanSeeTheListOfAllMyOrders">
        <test-method status="PASS" signature="setup()[pri:0, instance:testcases.CBCS_316AsCustomerICanSeeTheListOfAllMyOrders@5f2050f6]" name="setup" is-config="true" duration-ms="2181" started-at="2015-01-28T08:59:33Z" finished-at="2015-01-28T08:59:35Z">
          <reporter-output>
          </reporter-output>
        </test-method> <!-- setup -->
        <test-method status="PASS" signature="asCustomerICanSeeTheListOfAllMyOrdersTest(java.lang.String, java.lang.String)[pri:0, instance:testcases.CBCS_316AsCustomerICanSeeTheListOfAllMyOrders@5f2050f6]" name="asCustomerICanSeeTheListOfAllMyOrdersTest" duration-ms="22959" started-at="2015-01-28T08:59:35Z" data-provider="data" finished-at="2015-01-28T08:59:58Z">
          <params>
            <param index="0">
              <value>
                <![CDATA[lquesadats@gmail.com]]>
              </value>
            </param>
            <param index="1">
              <value>
                <![CDATA[QAtest2014]]>
              </value>
            </param>
          </params>
          <reporter-output>
          </reporter-output>
        </test-method> <!-- asCustomerICanSeeTheListOfAllMyOrdersTest -->
        <test-method status="PASS" signature="close()[pri:0, instance:testcases.CBCS_316AsCustomerICanSeeTheListOfAllMyOrders@5f2050f6]" name="close" is-config="true" duration-ms="495" started-at="2015-01-28T08:59:58Z" finished-at="2015-01-28T08:59:59Z">
          <reporter-output>
          </reporter-output>
        </test-method> <!-- close -->
        <test-method status="PASS" signature="validateTestStandar(org.testng.ITestResult)[pri:0, instance:testcases.CBCS_316AsCustomerICanSeeTheListOfAllMyOrders@5f2050f6]" name="validateTestStandar" is-config="true" duration-ms="0" started-at="2015-01-28T08:59:59Z" finished-at="2015-01-28T08:59:59Z">
          <params>
            <param index="0">
              <value>
                <![CDATA[[TestResult name=asCustomerICanSeeTheListOfAllMyOrdersTest status=SUCCESS method=CBCS_316AsCustomerICanSeeTheListOfAllMyOrders.asCustomerICanSeeTheListOfAllMyOrdersTest(java.lang.String, java.lang.String)[pri:0, instance:testcases.CBCS_316AsCustomerICanSeeTheListOfAllMyOrders@5f2050f6] output={null}]]]>
              </value>
            </param>
          </params>
          <reporter-output>
          </reporter-output>
        </test-method> <!-- validateTestStandar -->
      </class> <!-- testcases.CBCS_316AsCustomerICanSeeTheListOfAllMyOrders -->
      <class name="testcases.CBCS_92AsAdminICanCreateAReceiverUser">
        <test-method status="PASS" signature="setup()[pri:0, instance:testcases.CBCS_92AsAdminICanCreateAReceiverUser@2c6a3f77]" name="setup" is-config="true" duration-ms="1983" started-at="2015-01-28T09:05:03Z" finished-at="2015-01-28T09:05:05Z">
          <reporter-output>
          </reporter-output>
        </test-method> <!-- setup -->
        <test-method status="PASS" signature="asAdminICanCreateAReceiverUserTest(java.lang.String, java.lang.String, java.lang.String, java.lang.String)[pri:0, instance:testcases.CBCS_92AsAdminICanCreateAReceiverUser@2c6a3f77]" name="asAdminICanCreateAReceiverUserTest" duration-ms="8819" started-at="2015-01-28T09:05:05Z" data-provider="data" finished-at="2015-01-28T09:05:13Z">
          <params>
            <param index="0">
              <value>
                <![CDATA[lqadmin]]>
              </value>
            </param>
            <param index="1">
              <value>
                <![CDATA[123]]>
              </value>
            </param>
            <param index="2">
              <value>
                <![CDATA[admin]]>
              </value>
            </param>
            <param index="3">
              <value>
                <![CDATA[Receiver]]>
              </value>
            </param>
          </params>
          <reporter-output>
          </reporter-output>
        </test-method> <!-- asAdminICanCreateAReceiverUserTest -->
        <test-method status="PASS" signature="close()[pri:0, instance:testcases.CBCS_92AsAdminICanCreateAReceiverUser@2c6a3f77]" name="close" is-config="true" duration-ms="4515" started-at="2015-01-28T09:05:14Z" finished-at="2015-01-28T09:05:18Z">
          <reporter-output>
          </reporter-output>
        </test-method> <!-- close -->
        <test-method status="PASS" signature="validateTestStandar(org.testng.ITestResult)[pri:0, instance:testcases.CBCS_92AsAdminICanCreateAReceiverUser@2c6a3f77]" name="validateTestStandar" is-config="true" duration-ms="0" started-at="2015-01-28T09:05:18Z" finished-at="2015-01-28T09:05:18Z">
          <params>
            <param index="0">
              <value>
                <![CDATA[[TestResult name=asAdminICanCreateAReceiverUserTest status=SUCCESS method=CBCS_92AsAdminICanCreateAReceiverUser.asAdminICanCreateAReceiverUserTest(java.lang.String, java.lang.String, java.lang.String, java.lang.String)[pri:0, instance:testcases.CBCS_92AsAdminICanCreateAReceiverUser@2c6a3f77] output={null}]]]>
              </value>
            </param>
          </params>
          <reporter-output>
          </reporter-output>
        </test-method> <!-- validateTestStandar -->
      </class> <!-- testcases.CBCS_92AsAdminICanCreateAReceiverUser -->
      <class name="testcases.CBCS_319AsCustomerICanEditABillingAddress">
        <test-method status="PASS" signature="setup()[pri:0, instance:testcases.CBCS_319AsCustomerICanEditABillingAddress@5315b42e]" name="setup" is-config="true" duration-ms="2271" started-at="2015-01-28T08:56:32Z" finished-at="2015-01-28T08:56:35Z">
          <reporter-output>
          </reporter-output>
        </test-method> <!-- setup -->
        <test-method status="PASS" signature="asCustomerICanEditABillingAddressTest(java.lang.String, java.lang.String)[pri:0, instance:testcases.CBCS_319AsCustomerICanEditABillingAddress@5315b42e]" name="asCustomerICanEditABillingAddressTest" duration-ms="37531" started-at="2015-01-28T08:56:35Z" data-provider="data" finished-at="2015-01-28T08:57:12Z">
          <params>
            <param index="0">
              <value>
                <![CDATA[lquesadats@gmail.com]]>
              </value>
            </param>
            <param index="1">
              <value>
                <![CDATA[QAtest2014]]>
              </value>
            </param>
          </params>
          <reporter-output>
          </reporter-output>
        </test-method> <!-- asCustomerICanEditABillingAddressTest -->
        <test-method status="PASS" signature="close()[pri:0, instance:testcases.CBCS_319AsCustomerICanEditABillingAddress@5315b42e]" name="close" is-config="true" duration-ms="6317" started-at="2015-01-28T08:57:12Z" finished-at="2015-01-28T08:57:19Z">
          <reporter-output>
          </reporter-output>
        </test-method> <!-- close -->
        <test-method status="PASS" signature="validateTestStandar(org.testng.ITestResult)[pri:0, instance:testcases.CBCS_319AsCustomerICanEditABillingAddress@5315b42e]" name="validateTestStandar" is-config="true" duration-ms="0" started-at="2015-01-28T08:57:19Z" finished-at="2015-01-28T08:57:19Z">
          <params>
            <param index="0">
              <value>
                <![CDATA[[TestResult name=asCustomerICanEditABillingAddressTest status=SUCCESS method=CBCS_319AsCustomerICanEditABillingAddress.asCustomerICanEditABillingAddressTest(java.lang.String, java.lang.String)[pri:0, instance:testcases.CBCS_319AsCustomerICanEditABillingAddress@5315b42e] output={null}]]]>
              </value>
            </param>
          </params>
          <reporter-output>
          </reporter-output>
        </test-method> <!-- validateTestStandar -->
      </class> <!-- testcases.CBCS_319AsCustomerICanEditABillingAddress -->
      <class name="testcases.CBCS_323AsAdminICanCreateANewPedigree">
        <test-method status="PASS" signature="setup()[pri:0, instance:testcases.CBCS_323AsAdminICanCreateANewPedigree@1a407d53]" name="setup" is-config="true" duration-ms="1984" started-at="2015-01-28T09:03:33Z" finished-at="2015-01-28T09:03:35Z">
          <reporter-output>
          </reporter-output>
        </test-method> <!-- setup -->
        <test-method status="PASS" signature="asAdminICanCreateANewPedigreeTest(java.lang.String, java.lang.String, java.lang.String, java.lang.String, java.lang.String, java.lang.String)[pri:0, instance:testcases.CBCS_323AsAdminICanCreateANewPedigree@1a407d53]" name="asAdminICanCreateANewPedigreeTest" duration-ms="15711" started-at="2015-01-28T09:03:35Z" data-provider="data" finished-at="2015-01-28T09:03:51Z">
          <params>
            <param index="0">
              <value>
                <![CDATA[lqadmin]]>
              </value>
            </param>
            <param index="1">
              <value>
                <![CDATA[123]]>
              </value>
            </param>
            <param index="2">
              <value>
                <![CDATA[admin]]>
              </value>
            </param>
            <param index="3">
              <value>
                <![CDATA[Pedigrees]]>
              </value>
            </param>
            <param index="4">
              <value>
                <![CDATA[PedigreeTest]]>
              </value>
            </param>
            <param index="5">
              <value>
                <![CDATA[PedigreeEdited]]>
              </value>
            </param>
          </params>
          <reporter-output>
          </reporter-output>
        </test-method> <!-- asAdminICanCreateANewPedigreeTest -->
        <test-method status="PASS" signature="close()[pri:0, instance:testcases.CBCS_323AsAdminICanCreateANewPedigree@1a407d53]" name="close" is-config="true" duration-ms="4493" started-at="2015-01-28T09:03:51Z" finished-at="2015-01-28T09:03:56Z">
          <reporter-output>
          </reporter-output>
        </test-method> <!-- close -->
        <test-method status="PASS" signature="validateTestStandar(org.testng.ITestResult)[pri:0, instance:testcases.CBCS_323AsAdminICanCreateANewPedigree@1a407d53]" name="validateTestStandar" is-config="true" duration-ms="1" started-at="2015-01-28T09:03:56Z" finished-at="2015-01-28T09:03:56Z">
          <params>
            <param index="0">
              <value>
                <![CDATA[[TestResult name=asAdminICanCreateANewPedigreeTest status=SUCCESS method=CBCS_323AsAdminICanCreateANewPedigree.asAdminICanCreateANewPedigreeTest(java.lang.String, java.lang.String, java.lang.String, java.lang.String, java.lang.String, java.lang.String)[pri:0, instance:testcases.CBCS_323AsAdminICanCreateANewPedigree@1a407d53] output={null}]]]>
              </value>
            </param>
          </params>
          <reporter-output>
          </reporter-output>
        </test-method> <!-- validateTestStandar -->
      </class> <!-- testcases.CBCS_323AsAdminICanCreateANewPedigree -->
      <class name="testcases.CBCS_320AsCustomerICanSelectPickUpAtCBCSAsShipping">
        <test-method status="PASS" signature="setup()[pri:0, instance:testcases.CBCS_320AsCustomerICanSelectPickUpAtCBCSAsShipping@73f792cf]" name="setup" is-config="true" duration-ms="2027" started-at="2015-01-28T08:52:53Z" finished-at="2015-01-28T08:52:55Z">
          <reporter-output>
          </reporter-output>
        </test-method> <!-- setup -->
        <test-method status="PASS" signature="asCustomerICanSelectPickUpAtCBCSAsShippingTest(java.lang.String, java.lang.String, java.lang.String, java.lang.String, java.lang.String, java.lang.String, java.lang.String, java.lang.String, java.lang.String, java.lang.String)[pri:0, instance:testcases.CBCS_320AsCustomerICanSelectPickUpAtCBCSAsShipping@73f792cf]" name="asCustomerICanSelectPickUpAtCBCSAsShippingTest" duration-ms="72647" started-at="2015-01-28T08:52:55Z" data-provider="data" finished-at="2015-01-28T08:54:07Z">
          <params>
            <param index="0">
              <value>
                <![CDATA[lquesadats@gmail.com]]>
              </value>
            </param>
            <param index="1">
              <value>
                <![CDATA[QAtest2014]]>
              </value>
            </param>
            <param index="2">
              <value>
                <![CDATA[3]]>
              </value>
            </param>
            <param index="3">
              <value>
                <![CDATA[50]]>
              </value>
            </param>
            <param index="4">
              <value>
                <![CDATA[Aurora Copy]]>
              </value>
            </param>
            <param index="5">
              <value>
                <![CDATA[Consumer $29. Value up to $400]]>
              </value>
            </param>
            <param index="6">
              <value>
                <![CDATA[chkBilling0]]>
              </value>
            </param>
            <param index="7">
              <value>
                <![CDATA[address0]]>
              </value>
            </param>
            <param index="8">
              <value>
                <![CDATA[FEDEX]]>
              </value>
            </param>
            <param index="9">
              <value>
                <![CDATA[Credit Card]]>
              </value>
            </param>
          </params>
          <reporter-output>
          </reporter-output>
        </test-method> <!-- asCustomerICanSelectPickUpAtCBCSAsShippingTest -->
        <test-method status="PASS" signature="close()[pri:0, instance:testcases.CBCS_320AsCustomerICanSelectPickUpAtCBCSAsShipping@73f792cf]" name="close" is-config="true" duration-ms="155" started-at="2015-01-28T08:54:08Z" finished-at="2015-01-28T08:54:08Z">
          <reporter-output>
          </reporter-output>
        </test-method> <!-- close -->
        <test-method status="PASS" signature="validateTestStandar(org.testng.ITestResult)[pri:0, instance:testcases.CBCS_320AsCustomerICanSelectPickUpAtCBCSAsShipping@73f792cf]" name="validateTestStandar" is-config="true" duration-ms="0" started-at="2015-01-28T08:54:08Z" finished-at="2015-01-28T08:54:08Z">
          <params>
            <param index="0">
              <value>
                <![CDATA[[TestResult name=asCustomerICanSelectPickUpAtCBCSAsShippingTest status=SUCCESS method=CBCS_320AsCustomerICanSelectPickUpAtCBCSAsShipping.asCustomerICanSelectPickUpAtCBCSAsShippingTest(java.lang.String, java.lang.String, java.lang.String, java.lang.String, java.lang.String, java.lang.String, java.lang.String, java.lang.String, java.lang.String, java.lang.String)[pri:0, instance:testcases.CBCS_320AsCustomerICanSelectPickUpAtCBCSAsShipping@73f792cf] output={null}]]]>
              </value>
            </param>
          </params>
          <reporter-output>
          </reporter-output>
        </test-method> <!-- validateTestStandar -->
      </class> <!-- testcases.CBCS_320AsCustomerICanSelectPickUpAtCBCSAsShipping -->
      <class name="testcases.CBCS_316AsCustomerICanAddANewShippingAddress">
        <test-method status="PASS" signature="setup()[pri:0, instance:testcases.CBCS_316AsCustomerICanAddANewShippingAddress@6fb554cc]" name="setup" is-config="true" duration-ms="2045" started-at="2015-01-28T08:58:03Z" finished-at="2015-01-28T08:58:05Z">
          <reporter-output>
          </reporter-output>
        </test-method> <!-- setup -->
        <test-method status="PASS" signature="asCustomerICanAddANewShippingAddressTest(java.lang.String, java.lang.String)[pri:0, instance:testcases.CBCS_316AsCustomerICanAddANewShippingAddress@6fb554cc]" name="asCustomerICanAddANewShippingAddressTest" duration-ms="26230" started-at="2015-01-28T08:58:05Z" data-provider="data" finished-at="2015-01-28T08:58:32Z">
          <params>
            <param index="0">
              <value>
                <![CDATA[lquesadats@gmail.com]]>
              </value>
            </param>
            <param index="1">
              <value>
                <![CDATA[QAtest2014]]>
              </value>
            </param>
          </params>
          <reporter-output>
          </reporter-output>
        </test-method> <!-- asCustomerICanAddANewShippingAddressTest -->
        <test-method status="PASS" signature="close()[pri:0, instance:testcases.CBCS_316AsCustomerICanAddANewShippingAddress@6fb554cc]" name="close" is-config="true" duration-ms="6331" started-at="2015-01-28T08:58:32Z" finished-at="2015-01-28T08:58:38Z">
          <reporter-output>
          </reporter-output>
        </test-method> <!-- close -->
        <test-method status="PASS" signature="validateTestStandar(org.testng.ITestResult)[pri:0, instance:testcases.CBCS_316AsCustomerICanAddANewShippingAddress@6fb554cc]" name="validateTestStandar" is-config="true" duration-ms="1" started-at="2015-01-28T08:58:38Z" finished-at="2015-01-28T08:58:38Z">
          <params>
            <param index="0">
              <value>
                <![CDATA[[TestResult name=asCustomerICanAddANewShippingAddressTest status=SUCCESS method=CBCS_316AsCustomerICanAddANewShippingAddress.asCustomerICanAddANewShippingAddressTest(java.lang.String, java.lang.String)[pri:0, instance:testcases.CBCS_316AsCustomerICanAddANewShippingAddress@6fb554cc] output={null}]]]>
              </value>
            </param>
          </params>
          <reporter-output>
          </reporter-output>
        </test-method> <!-- validateTestStandar -->
      </class> <!-- testcases.CBCS_316AsCustomerICanAddANewShippingAddress -->
      <class name="testcases.CBCS_318AsCustomerICanSeeTheCalendar">
        <test-method status="PASS" signature="setup()[pri:0, instance:testcases.CBCS_318AsCustomerICanSeeTheCalendar@2d554825]" name="setup" is-config="true" duration-ms="2244" started-at="2015-01-28T09:02:50Z" finished-at="2015-01-28T09:02:52Z">
          <reporter-output>
          </reporter-output>
        </test-method> <!-- setup -->
        <test-method status="PASS" signature="asCustomerICanSeeEventsCalendarTest(java.lang.String, java.lang.String)[pri:0, instance:testcases.CBCS_318AsCustomerICanSeeTheCalendar@2d554825]" name="asCustomerICanSeeEventsCalendarTest" duration-ms="7778" started-at="2015-01-28T09:02:52Z" data-provider="data" finished-at="2015-01-28T09:03:00Z">
          <params>
            <param index="0">
              <value>
                <![CDATA[lquesadats@gmail.com]]>
              </value>
            </param>
            <param index="1">
              <value>
                <![CDATA[QAtest2014]]>
              </value>
            </param>
          </params>
          <reporter-output>
          </reporter-output>
        </test-method> <!-- asCustomerICanSeeEventsCalendarTest -->
        <test-method status="PASS" signature="close()[pri:0, instance:testcases.CBCS_318AsCustomerICanSeeTheCalendar@2d554825]" name="close" is-config="true" duration-ms="3097" started-at="2015-01-28T09:03:01Z" finished-at="2015-01-28T09:03:04Z">
          <reporter-output>
          </reporter-output>
        </test-method> <!-- close -->
        <test-method status="PASS" signature="validateTestStandar(org.testng.ITestResult)[pri:0, instance:testcases.CBCS_318AsCustomerICanSeeTheCalendar@2d554825]" name="validateTestStandar" is-config="true" duration-ms="0" started-at="2015-01-28T09:03:04Z" finished-at="2015-01-28T09:03:04Z">
          <params>
            <param index="0">
              <value>
                <![CDATA[[TestResult name=asCustomerICanSeeEventsCalendarTest status=SUCCESS method=CBCS_318AsCustomerICanSeeTheCalendar.asCustomerICanSeeEventsCalendarTest(java.lang.String, java.lang.String)[pri:0, instance:testcases.CBCS_318AsCustomerICanSeeTheCalendar@2d554825] output={null}]]]>
              </value>
            </param>
          </params>
          <reporter-output>
          </reporter-output>
        </test-method> <!-- validateTestStandar -->
      </class> <!-- testcases.CBCS_318AsCustomerICanSeeTheCalendar -->
      <class name="testcases.CBCS_325AsAdminICanEditAPublisher">
        <test-method status="PASS" signature="setup()[pri:0, instance:testcases.CBCS_325AsAdminICanEditAPublisher@4e04a765]" name="setup" is-config="true" duration-ms="1976" started-at="2015-01-28T09:04:30Z" finished-at="2015-01-28T09:04:32Z">
          <reporter-output>
          </reporter-output>
        </test-method> <!-- setup -->
        <test-method status="PASS" signature="asAdminICanEditAPublisherTest(java.lang.String, java.lang.String, java.lang.String, java.lang.String, java.lang.String, java.lang.String)[pri:0, instance:testcases.CBCS_325AsAdminICanEditAPublisher@4e04a765]" name="asAdminICanEditAPublisherTest" duration-ms="10504" started-at="2015-01-28T09:04:32Z" data-provider="data" finished-at="2015-01-28T09:04:43Z">
          <params>
            <param index="0">
              <value>
                <![CDATA[lqadmin]]>
              </value>
            </param>
            <param index="1">
              <value>
                <![CDATA[123]]>
              </value>
            </param>
            <param index="2">
              <value>
                <![CDATA[admin]]>
              </value>
            </param>
            <param index="3">
              <value>
                <![CDATA[Publishers]]>
              </value>
            </param>
            <param index="4">
              <value>
                <![CDATA[PublisherTest]]>
              </value>
            </param>
            <param index="5">
              <value>
                <![CDATA[PublisherEdited]]>
              </value>
            </param>
          </params>
          <reporter-output>
          </reporter-output>
        </test-method> <!-- asAdminICanEditAPublisherTest -->
        <test-method status="PASS" signature="close()[pri:0, instance:testcases.CBCS_325AsAdminICanEditAPublisher@4e04a765]" name="close" is-config="true" duration-ms="4566" started-at="2015-01-28T09:04:43Z" finished-at="2015-01-28T09:04:48Z">
          <reporter-output>
          </reporter-output>
        </test-method> <!-- close -->
        <test-method status="PASS" signature="validateTestStandar(org.testng.ITestResult)[pri:0, instance:testcases.CBCS_325AsAdminICanEditAPublisher@4e04a765]" name="validateTestStandar" is-config="true" duration-ms="0" started-at="2015-01-28T09:04:48Z" finished-at="2015-01-28T09:04:48Z">
          <params>
            <param index="0">
              <value>
                <![CDATA[[TestResult name=asAdminICanEditAPublisherTest status=SUCCESS method=CBCS_325AsAdminICanEditAPublisher.asAdminICanEditAPublisherTest(java.lang.String, java.lang.String, java.lang.String, java.lang.String, java.lang.String, java.lang.String)[pri:0, instance:testcases.CBCS_325AsAdminICanEditAPublisher@4e04a765] output={null}]]]>
              </value>
            </param>
          </params>
          <reporter-output>
          </reporter-output>
        </test-method> <!-- validateTestStandar -->
      </class> <!-- testcases.CBCS_325AsAdminICanEditAPublisher -->
      <class name="testcases.CBCS_309AsGraderICanChangeTierStatusToGraded">
        <test-method status="SKIP" signature="asGraderICanChangeTierStatusToGradedTest(java.lang.String, java.lang.String, java.lang.String, java.lang.String, java.lang.String, java.lang.String, java.lang.String, java.lang.String, java.lang.String, java.lang.String, java.lang.String)[pri:0, instance:testcases.CBCS_309AsGraderICanChangeTierStatusToGraded@17550481]" name="asGraderICanChangeTierStatusToGradedTest" duration-ms="1" depends-on-groups="changeOrderStatusToInSafe" started-at="2015-01-28T09:08:11Z" data-provider="data" finished-at="2015-01-28T09:08:11Z">
          <reporter-output>
          </reporter-output>
        </test-method> <!-- asGraderICanChangeTierStatusToGradedTest -->
      </class> <!-- testcases.CBCS_309AsGraderICanChangeTierStatusToGraded -->
      <class name="testcases.CBCS_183ValidateExpandedConsumerTierRulesCorrectly">
        <test-method status="PASS" signature="setup()[pri:0, instance:testcases.CBCS_183ValidateExpandedConsumerTierRulesCorrectly@1e67b872]" name="setup" is-config="true" duration-ms="2077" started-at="2015-01-28T09:01:39Z" finished-at="2015-01-28T09:01:41Z">
          <reporter-output>
          </reporter-output>
        </test-method> <!-- setup -->
        <test-method status="PASS" signature="validateExpandedConsumerTierRulesCorrectlyTest(java.lang.String, java.lang.String, java.lang.String, java.lang.String, java.lang.String, java.lang.String, java.lang.String, java.lang.String, java.lang.String, java.lang.String, java.lang.String, java.lang.String, java.lang.String, java.lang.String, java.lang.String, java.lang.String, java.lang.String, java.lang.String)[pri:0, instance:testcases.CBCS_183ValidateExpandedConsumerTierRulesCorrectly@1e67b872]" name="validateExpandedConsumerTierRulesCorrectlyTest" duration-ms="68719" started-at="2015-01-28T09:01:41Z" data-provider="data" finished-at="2015-01-28T09:02:50Z">
          <params>
            <param index="0">
              <value>
                <![CDATA[lquesadats@gmail.com]]>
              </value>
            </param>
            <param index="1">
              <value>
                <![CDATA[QAtest2014]]>
              </value>
            </param>
            <param index="2">
              <value>
                <![CDATA[1]]>
              </value>
            </param>
            <param index="3">
              <value>
                <![CDATA[50]]>
              </value>
            </param>
            <param index="4">
              <value>
                <![CDATA[Aurora Copy]]>
              </value>
            </param>
            <param index="5">
              <value>
                <![CDATA[Expanded Consumer (Pre-1969) $22. Value up to $250]]>
              </value>
            </param>
            <param index="6">
              <value>
                <![CDATA[29]]>
              </value>
            </param>
            <param index="7">
              <value>
                <![CDATA[1968]]>
              </value>
            </param>
            <param index="8">
              <value>
                <![CDATA[8.0]]>
              </value>
            </param>
            <param index="9">
              <value>
                <![CDATA[250]]>
              </value>
            </param>
            <param index="10">
              <value>
                <![CDATA[USD $8.00]]>
              </value>
            </param>
            <param index="11">
              <value>
                <![CDATA[USD $30.00]]>
              </value>
            </param>
            <param index="12">
              <value>
                <![CDATA[USD $4.00]]>
              </value>
            </param>
            <param index="13">
              <value>
                <![CDATA[USD $64.00]]>
              </value>
            </param>
            <param index="14">
              <value>
                <![CDATA[chkBilling0]]>
              </value>
            </param>
            <param index="15">
              <value>
                <![CDATA[address0]]>
              </value>
            </param>
            <param index="16">
              <value>
                <![CDATA[FEDEX]]>
              </value>
            </param>
            <param index="17">
              <value>
                <![CDATA[Credit Card]]>
              </value>
            </param>
          </params>
          <reporter-output>
          </reporter-output>
        </test-method> <!-- validateExpandedConsumerTierRulesCorrectlyTest -->
        <test-method status="PASS" signature="close()[pri:0, instance:testcases.CBCS_183ValidateExpandedConsumerTierRulesCorrectly@1e67b872]" name="close" is-config="true" duration-ms="153" started-at="2015-01-28T09:02:50Z" finished-at="2015-01-28T09:02:50Z">
          <reporter-output>
          </reporter-output>
        </test-method> <!-- close -->
        <test-method status="PASS" signature="validateTestStandar(org.testng.ITestResult)[pri:0, instance:testcases.CBCS_183ValidateExpandedConsumerTierRulesCorrectly@1e67b872]" name="validateTestStandar" is-config="true" duration-ms="0" started-at="2015-01-28T09:02:50Z" finished-at="2015-01-28T09:02:50Z">
          <params>
            <param index="0">
              <value>
                <![CDATA[[TestResult name=validateExpandedConsumerTierRulesCorrectlyTest status=SUCCESS method=CBCS_183ValidateExpandedConsumerTierRulesCorrectly.validateExpandedConsumerTierRulesCorrectlyTest(java.lang.String, java.lang.String, java.lang.String, java.lang.String, java.lang.String, java.lang.String, java.lang.String, java.lang.String, java.lang.String, java.lang.String, java.lang.String, java.lang.String, java.lang.String, java.lang.String, java.lang.String, java.lang.String, java.lang.String, java.lang.String)[pri:0, instance:testcases.CBCS_183ValidateExpandedConsumerTierRulesCorrectly@1e67b872] output={null}]]]>
              </value>
            </param>
          </params>
          <reporter-output>
          </reporter-output>
        </test-method> <!-- validateTestStandar -->
      </class> <!-- testcases.CBCS_183ValidateExpandedConsumerTierRulesCorrectly -->
      <class name="testcases.CBCS_214AsCustomerICanAddACouponToTheaOrder">
        <test-method status="PASS" signature="setup()[pri:0, instance:testcases.CBCS_214AsCustomerICanAddACouponToTheaOrder@3cda1055]" name="setup" is-config="true" duration-ms="2028" started-at="2015-01-28T08:59:59Z" finished-at="2015-01-28T09:00:01Z">
          <reporter-output>
          </reporter-output>
        </test-method> <!-- setup -->
        <test-method status="PASS" signature="asCustomerICanAddACouponToTheaOrderTest(java.lang.String, java.lang.String, java.lang.String, java.lang.String, java.lang.String, java.lang.String, java.lang.String, java.lang.String, java.lang.String, java.lang.String)[pri:0, instance:testcases.CBCS_214AsCustomerICanAddACouponToTheaOrder@3cda1055]" name="asCustomerICanAddACouponToTheaOrderTest" duration-ms="97289" started-at="2015-01-28T09:00:01Z" data-provider="data" finished-at="2015-01-28T09:01:38Z">
          <params>
            <param index="0">
              <value>
                <![CDATA[lquesadats@gmail.com]]>
              </value>
            </param>
            <param index="1">
              <value>
                <![CDATA[QAtest2014]]>
              </value>
            </param>
            <param index="2">
              <value>
                <![CDATA[3]]>
              </value>
            </param>
            <param index="3">
              <value>
                <![CDATA[50]]>
              </value>
            </param>
            <param index="4">
              <value>
                <![CDATA[Aurora Copy]]>
              </value>
            </param>
            <param index="5">
              <value>
                <![CDATA[Consumer $29. Value up to $400]]>
              </value>
            </param>
            <param index="6">
              <value>
                <![CDATA[chkBilling0]]>
              </value>
            </param>
            <param index="7">
              <value>
                <![CDATA[address0]]>
              </value>
            </param>
            <param index="8">
              <value>
                <![CDATA[FEDEX]]>
              </value>
            </param>
            <param index="9">
              <value>
                <![CDATA[Credit Card]]>
              </value>
            </param>
          </params>
          <reporter-output>
          </reporter-output>
        </test-method> <!-- asCustomerICanAddACouponToTheaOrderTest -->
        <test-method status="PASS" signature="close()[pri:0, instance:testcases.CBCS_214AsCustomerICanAddACouponToTheaOrder@3cda1055]" name="close" is-config="true" duration-ms="192" started-at="2015-01-28T09:01:38Z" finished-at="2015-01-28T09:01:39Z">
          <reporter-output>
          </reporter-output>
        </test-method> <!-- close -->
        <test-method status="PASS" signature="validateTestStandar(org.testng.ITestResult)[pri:0, instance:testcases.CBCS_214AsCustomerICanAddACouponToTheaOrder@3cda1055]" name="validateTestStandar" is-config="true" duration-ms="0" started-at="2015-01-28T09:01:39Z" finished-at="2015-01-28T09:01:39Z">
          <params>
            <param index="0">
              <value>
                <![CDATA[[TestResult name=asCustomerICanAddACouponToTheaOrderTest status=SUCCESS method=CBCS_214AsCustomerICanAddACouponToTheaOrder.asCustomerICanAddACouponToTheaOrderTest(java.lang.String, java.lang.String, java.lang.String, java.lang.String, java.lang.String, java.lang.String, java.lang.String, java.lang.String, java.lang.String, java.lang.String)[pri:0, instance:testcases.CBCS_214AsCustomerICanAddACouponToTheaOrder@3cda1055] output={null}]]]>
              </value>
            </param>
          </params>
          <reporter-output>
          </reporter-output>
        </test-method> <!-- validateTestStandar -->
      </class> <!-- testcases.CBCS_214AsCustomerICanAddACouponToTheaOrder -->
      <class name="testcases.CBCS_105AsReiverSearchOneOrderUsingOrderNumber">
        <test-method status="PASS" signature="setup()[pri:0, instance:testcases.CBCS_105AsReiverSearchOneOrderUsingOrderNumber@180bc464]" name="setup" is-config="true" duration-ms="2054" started-at="2015-01-28T09:07:51Z" finished-at="2015-01-28T09:07:53Z">
          <reporter-output>
          </reporter-output>
        </test-method> <!-- setup -->
        <test-method status="FAIL" signature="asReiverSearchOneOrderUsingOrderNumberTest(java.lang.String, java.lang.String, java.lang.String, java.lang.String, java.lang.String, java.lang.String, java.lang.String, java.lang.String, java.lang.String, java.lang.String, java.lang.String)[pri:0, instance:testcases.CBCS_105AsReiverSearchOneOrderUsingOrderNumber@180bc464]" name="asReiverSearchOneOrderUsingOrderNumberTest" duration-ms="16009" depends-on-groups="CreateOrder" started-at="2015-01-28T09:07:53Z" data-provider="data" finished-at="2015-01-28T09:08:09Z">
          <params>
            <param index="0">
              <value>
                <![CDATA[lqreceiver]]>
              </value>
            </param>
            <param index="1">
              <value>
                <![CDATA[123]]>
              </value>
            </param>
            <param index="2">
              <value>
                <![CDATA[receiver]]>
              </value>
            </param>
            <param index="3">
              <value>
                <![CDATA[0002958-AA]]>
              </value>
            </param>
            <param index="4">
              <value>
                <![CDATA[3]]>
              </value>
            </param>
            <param index="5">
              <value>
                <![CDATA[1]]>
              </value>
            </param>
            <param index="6">
              <value>
                <![CDATA[3]]>
              </value>
            </param>
            <param index="7">
              <value>
                <![CDATA[9.4]]>
              </value>
            </param>
            <param index="8">
              <value>
                <![CDATA[White]]>
              </value>
            </param>
            <param index="9">
              <value>
                <![CDATA[In Safe]]>
              </value>
            </param>
            <param index="10">
              <value>
                <![CDATA[Receiver]]>
              </value>
            </param>
          </params>
          <exception class="org.openqa.selenium.remote.UnreachableBrowserException">
            <message>
              <![CDATA[Error communicating with the remote browser. It may have died.
Build info: version: '2.43.1', revision: '5163bceef1bc36d43f3dc0b83c88998168a363a0', time: '2014-09-10 09:43:55'
System info: host: 'MININT-KA5C7LA', ip: '169.254.76.222', os.name: 'Windows 7', os.arch: 'amd64', os.version: '6.1', java.version: '1.8.0_05'
Driver info: driver.version: RemoteWebDriver]]>
            </message>
            <full-stacktrace>
              <![CDATA[org.openqa.selenium.remote.UnreachableBrowserException: Error communicating with the remote browser. It may have died.
Build info: version: '2.43.1', revision: '5163bceef1bc36d43f3dc0b83c88998168a363a0', time: '2014-09-10 09:43:55'
System info: host: 'MININT-KA5C7LA', ip: '169.254.76.222', os.name: 'Windows 7', os.arch: 'amd64', os.version: '6.1', java.version: '1.8.0_05'
Driver info: driver.version: RemoteWebDriver
	at org.openqa.selenium.remote.RemoteWebDriver.execute(RemoteWebDriver.java:593)
	at org.openqa.selenium.remote.RemoteWebDriver.findElements(RemoteWebDriver.java:377)
	at org.openqa.selenium.remote.RemoteWebDriver.findElementsByXPath(RemoteWebDriver.java:453)
	at org.openqa.selenium.By$ByXPath.findElements(By.java:352)
	at org.openqa.selenium.remote.RemoteWebDriver.findElements(RemoteWebDriver.java:340)
	at pages.ProcessOrderReceiverPage.isOrderNumberLabelPresent(ProcessOrderReceiverPage.java:109)
	at pages.ProcessOrderReceiverPage$2.Validate(ProcessOrderReceiverPage.java:100)
	at com.ts.commons.TestCaseUtil.check(TestCaseUtil.java:72)
	at testcases.CBCS_105AsReiverSearchOneOrderUsingOrderNumber.asReiverSearchOneOrderUsingOrderNumberTest(CBCS_105AsReiverSearchOneOrderUsingOrderNumber.java:61)
	at sun.reflect.NativeMethodAccessorImpl.invoke0(Native Method)
	at sun.reflect.NativeMethodAccessorImpl.invoke(Unknown Source)
	at sun.reflect.DelegatingMethodAccessorImpl.invoke(Unknown Source)
	at java.lang.reflect.Method.invoke(Unknown Source)
	at org.testng.internal.MethodInvocationHelper.invokeMethod(MethodInvocationHelper.java:84)
	at org.testng.internal.Invoker.invokeMethod(Invoker.java:714)
	at org.testng.internal.Invoker.invokeTestMethod(Invoker.java:901)
	at org.testng.internal.Invoker.invokeTestMethods(Invoker.java:1231)
	at org.testng.internal.TestMethodWorker.invokeTestMethods(TestMethodWorker.java:127)
	at org.testng.internal.TestMethodWorker.run(TestMethodWorker.java:111)
	at org.testng.TestRunner.privateRun(TestRunner.java:767)
	at org.testng.TestRunner.run(TestRunner.java:617)
	at org.testng.SuiteRunner.runTest(SuiteRunner.java:335)
	at org.testng.SuiteRunner.runSequentially(SuiteRunner.java:330)
	at org.testng.SuiteRunner.privateRun(SuiteRunner.java:291)
	at org.testng.SuiteRunner.run(SuiteRunner.java:240)
	at org.testng.SuiteRunnerWorker.runSuite(SuiteRunnerWorker.java:52)
	at org.testng.SuiteRunnerWorker.run(SuiteRunnerWorker.java:86)
	at org.testng.TestNG.runSuitesSequentially(TestNG.java:1224)
	at org.testng.TestNG.runSuitesLocally(TestNG.java:1149)
	at org.testng.TestNG.run(TestNG.java:1057)
	at org.testng.remote.RemoteTestNG.run(RemoteTestNG.java:111)
	at org.testng.remote.RemoteTestNG.initAndRun(RemoteTestNG.java:204)
	at org.testng.remote.RemoteTestNG.main(RemoteTestNG.java:175)
Caused by: org.apache.http.conn.HttpHostConnectException: Connect to 127.0.0.1:7055 [/127.0.0.1] failed: Connection refused: connect
	at org.apache.http.impl.conn.HttpClientConnectionOperator.connect(HttpClientConnectionOperator.java:140)
	at org.apache.http.impl.conn.PoolingHttpClientConnectionManager.connect(PoolingHttpClientConnectionManager.java:318)
	at org.apache.http.impl.execchain.MainClientExec.establishRoute(MainClientExec.java:363)
	at org.apache.http.impl.execchain.MainClientExec.execute(MainClientExec.java:219)
	at org.apache.http.impl.execchain.ProtocolExec.execute(ProtocolExec.java:195)
	at org.apache.http.impl.execchain.RetryExec.execute(RetryExec.java:86)
	at org.apache.http.impl.execchain.RedirectExec.execute(RedirectExec.java:108)
	at org.apache.http.impl.client.InternalHttpClient.doExecute(InternalHttpClient.java:184)
	at org.apache.http.impl.client.CloseableHttpClient.execute(CloseableHttpClient.java:72)
	at org.apache.http.impl.client.CloseableHttpClient.execute(CloseableHttpClient.java:57)
	at org.openqa.selenium.remote.HttpCommandExecutor.fallBackExecute(HttpCommandExecutor.java:233)
	at org.openqa.selenium.remote.HttpCommandExecutor.execute(HttpCommandExecutor.java:184)
	at org.openqa.selenium.firefox.internal.NewProfileExtensionConnection.execute(NewProfileExtensionConnection.java:165)
	at org.openqa.selenium.firefox.FirefoxDriver$LazyCommandExecutor.execute(FirefoxDriver.java:362)
	at org.openqa.selenium.remote.RemoteWebDriver.execute(RemoteWebDriver.java:572)
	... 32 more
Caused by: java.net.ConnectException: Connection refused: connect
	at java.net.DualStackPlainSocketImpl.waitForConnect(Native Method)
	at java.net.DualStackPlainSocketImpl.socketConnect(Unknown Source)
	at java.net.AbstractPlainSocketImpl.doConnect(Unknown Source)
	at java.net.AbstractPlainSocketImpl.connectToAddress(Unknown Source)
	at java.net.AbstractPlainSocketImpl.connect(Unknown Source)
	at java.net.PlainSocketImpl.connect(Unknown Source)
	at java.net.SocksSocketImpl.connect(Unknown Source)
	at java.net.Socket.connect(Unknown Source)
	at org.apache.http.conn.socket.PlainConnectionSocketFactory.connectSocket(PlainConnectionSocketFactory.java:72)
	at org.apache.http.impl.conn.HttpClientConnectionOperator.connect(HttpClientConnectionOperator.java:123)
	... 46 more
]]>
            </full-stacktrace>
          </exception> <!-- org.openqa.selenium.remote.UnreachableBrowserException -->
          <reporter-output>
          </reporter-output>
        </test-method> <!-- asReiverSearchOneOrderUsingOrderNumberTest -->
        <test-method status="FAIL" signature="close()[pri:0, instance:testcases.CBCS_105AsReiverSearchOneOrderUsingOrderNumber@180bc464]" name="close" is-config="true" duration-ms="0" started-at="2015-01-28T09:08:10Z" finished-at="2015-01-28T09:08:10Z">
          <exception class="org.openqa.selenium.remote.UnreachableBrowserException">
            <message>
              <![CDATA[Error communicating with the remote browser. It may have died.
Build info: version: '2.43.1', revision: '5163bceef1bc36d43f3dc0b83c88998168a363a0', time: '2014-09-10 09:43:55'
System info: host: 'MININT-KA5C7LA', ip: '169.254.76.222', os.name: 'Windows 7', os.arch: 'amd64', os.version: '6.1', java.version: '1.8.0_05'
Driver info: driver.version: RemoteWebDriver]]>
            </message>
            <full-stacktrace>
              <![CDATA[org.openqa.selenium.remote.UnreachableBrowserException: Error communicating with the remote browser. It may have died.
Build info: version: '2.43.1', revision: '5163bceef1bc36d43f3dc0b83c88998168a363a0', time: '2014-09-10 09:43:55'
System info: host: 'MININT-KA5C7LA', ip: '169.254.76.222', os.name: 'Windows 7', os.arch: 'amd64', os.version: '6.1', java.version: '1.8.0_05'
Driver info: driver.version: RemoteWebDriver
	at org.openqa.selenium.remote.RemoteWebDriver.execute(RemoteWebDriver.java:593)
	at org.openqa.selenium.remote.RemoteWebDriver.execute(RemoteWebDriver.java:614)
	at org.openqa.selenium.remote.RemoteWebDriver.close(RemoteWebDriver.java:463)
	at utils.TestCaseCBCS.close(TestCaseCBCS.java:33)
	at sun.reflect.GeneratedMethodAccessor11.invoke(Unknown Source)
	at sun.reflect.DelegatingMethodAccessorImpl.invoke(Unknown Source)
	at java.lang.reflect.Method.invoke(Unknown Source)
	at org.testng.internal.MethodInvocationHelper.invokeMethod(MethodInvocationHelper.java:84)
	at org.testng.internal.Invoker.invokeConfigurationMethod(Invoker.java:564)
	at org.testng.internal.Invoker.invokeConfigurations(Invoker.java:213)
	at org.testng.internal.Invoker.invokeMethod(Invoker.java:786)
	at org.testng.internal.Invoker.invokeTestMethod(Invoker.java:901)
	at org.testng.internal.Invoker.invokeTestMethods(Invoker.java:1231)
	at org.testng.internal.TestMethodWorker.invokeTestMethods(TestMethodWorker.java:127)
	at org.testng.internal.TestMethodWorker.run(TestMethodWorker.java:111)
	at org.testng.TestRunner.privateRun(TestRunner.java:767)
	at org.testng.TestRunner.run(TestRunner.java:617)
	at org.testng.SuiteRunner.runTest(SuiteRunner.java:335)
	at org.testng.SuiteRunner.runSequentially(SuiteRunner.java:330)
	at org.testng.SuiteRunner.privateRun(SuiteRunner.java:291)
	at org.testng.SuiteRunner.run(SuiteRunner.java:240)
	at org.testng.SuiteRunnerWorker.runSuite(SuiteRunnerWorker.java:52)
	at org.testng.SuiteRunnerWorker.run(SuiteRunnerWorker.java:86)
	at org.testng.TestNG.runSuitesSequentially(TestNG.java:1224)
	at org.testng.TestNG.runSuitesLocally(TestNG.java:1149)
	at org.testng.TestNG.run(TestNG.java:1057)
	at org.testng.remote.RemoteTestNG.run(RemoteTestNG.java:111)
	at org.testng.remote.RemoteTestNG.initAndRun(RemoteTestNG.java:204)
	at org.testng.remote.RemoteTestNG.main(RemoteTestNG.java:175)
Caused by: org.apache.http.conn.HttpHostConnectException: Connect to 127.0.0.1:7055 [/127.0.0.1] failed: Connection refused: connect
	at org.apache.http.impl.conn.HttpClientConnectionOperator.connect(HttpClientConnectionOperator.java:140)
	at org.apache.http.impl.conn.PoolingHttpClientConnectionManager.connect(PoolingHttpClientConnectionManager.java:318)
	at org.apache.http.impl.execchain.MainClientExec.establishRoute(MainClientExec.java:363)
	at org.apache.http.impl.execchain.MainClientExec.execute(MainClientExec.java:219)
	at org.apache.http.impl.execchain.ProtocolExec.execute(ProtocolExec.java:195)
	at org.apache.http.impl.execchain.RetryExec.execute(RetryExec.java:86)
	at org.apache.http.impl.execchain.RedirectExec.execute(RedirectExec.java:108)
	at org.apache.http.impl.client.InternalHttpClient.doExecute(InternalHttpClient.java:184)
	at org.apache.http.impl.client.CloseableHttpClient.execute(CloseableHttpClient.java:72)
	at org.apache.http.impl.client.CloseableHttpClient.execute(CloseableHttpClient.java:57)
	at org.openqa.selenium.remote.HttpCommandExecutor.fallBackExecute(HttpCommandExecutor.java:215)
	at org.openqa.selenium.remote.HttpCommandExecutor.execute(HttpCommandExecutor.java:184)
	at org.openqa.selenium.firefox.internal.NewProfileExtensionConnection.execute(NewProfileExtensionConnection.java:165)
	at org.openqa.selenium.firefox.FirefoxDriver$LazyCommandExecutor.execute(FirefoxDriver.java:362)
	at org.openqa.selenium.remote.RemoteWebDriver.execute(RemoteWebDriver.java:572)
	... 28 more
Caused by: java.net.ConnectException: Connection refused: connect
	at java.net.DualStackPlainSocketImpl.waitForConnect(Native Method)
	at java.net.DualStackPlainSocketImpl.socketConnect(Unknown Source)
	at java.net.AbstractPlainSocketImpl.doConnect(Unknown Source)
	at java.net.AbstractPlainSocketImpl.connectToAddress(Unknown Source)
	at java.net.AbstractPlainSocketImpl.connect(Unknown Source)
	at java.net.PlainSocketImpl.connect(Unknown Source)
	at java.net.SocksSocketImpl.connect(Unknown Source)
	at java.net.Socket.connect(Unknown Source)
	at org.apache.http.conn.socket.PlainConnectionSocketFactory.connectSocket(PlainConnectionSocketFactory.java:72)
	at org.apache.http.impl.conn.HttpClientConnectionOperator.connect(HttpClientConnectionOperator.java:123)
	... 42 more
]]>
            </full-stacktrace>
          </exception> <!-- org.openqa.selenium.remote.UnreachableBrowserException -->
          <reporter-output>
          </reporter-output>
        </test-method> <!-- close -->
        <test-method status="SKIP" signature="validateTestStandar(org.testng.ITestResult)[pri:0, instance:testcases.CBCS_105AsReiverSearchOneOrderUsingOrderNumber@180bc464]" name="validateTestStandar" is-config="true" duration-ms="0" started-at="2015-01-28T09:08:11Z" finished-at="2015-01-28T09:08:11Z">
          <reporter-output>
          </reporter-output>
        </test-method> <!-- validateTestStandar -->
        <test-method status="SKIP" signature="asReiverSearchOneOrderUsingOrderNumberTest(java.lang.String, java.lang.String, java.lang.String, java.lang.String, java.lang.String, java.lang.String, java.lang.String, java.lang.String, java.lang.String, java.lang.String, java.lang.String)[pri:0, instance:testcases.CBCS_105AsReiverSearchOneOrderUsingOrderNumber@180bc464]" name="asReiverSearchOneOrderUsingOrderNumberTest" duration-ms="0" depends-on-groups="CreateOrder" started-at="2015-01-28T09:08:11Z" data-provider="data" finished-at="2015-01-28T09:08:11Z">
          <params>
            <param index="0">
              <value>
                <![CDATA[lqreceiver]]>
              </value>
            </param>
            <param index="1">
              <value>
                <![CDATA[123]]>
              </value>
            </param>
            <param index="2">
              <value>
                <![CDATA[receiver]]>
              </value>
            </param>
            <param index="3">
              <value>
                <![CDATA[0002958-AA]]>
              </value>
            </param>
            <param index="4">
              <value>
                <![CDATA[3]]>
              </value>
            </param>
            <param index="5">
              <value>
                <![CDATA[1]]>
              </value>
            </param>
            <param index="6">
              <value>
                <![CDATA[3]]>
              </value>
            </param>
            <param index="7">
              <value>
                <![CDATA[9.4]]>
              </value>
            </param>
            <param index="8">
              <value>
                <![CDATA[White]]>
              </value>
            </param>
            <param index="9">
              <value>
                <![CDATA[In Safe]]>
              </value>
            </param>
            <param index="10">
              <value>
                <![CDATA[Receiver]]>
              </value>
            </param>
          </params>
          <reporter-output>
          </reporter-output>
        </test-method> <!-- asReiverSearchOneOrderUsingOrderNumberTest -->
        <test-method status="SKIP" signature="setup()[pri:0, instance:testcases.CBCS_105AsReiverSearchOneOrderUsingOrderNumber@180bc464]" name="setup" is-config="true" duration-ms="0" started-at="2015-01-28T09:08:11Z" finished-at="2015-01-28T09:08:11Z">
          <reporter-output>
          </reporter-output>
        </test-method> <!-- setup -->
        <test-method status="SKIP" signature="close()[pri:0, instance:testcases.CBCS_105AsReiverSearchOneOrderUsingOrderNumber@180bc464]" name="close" is-config="true" duration-ms="0" started-at="2015-01-28T09:08:11Z" finished-at="2015-01-28T09:08:11Z">
          <reporter-output>
          </reporter-output>
        </test-method> <!-- close -->
        <test-method status="SKIP" signature="validateTestStandar(org.testng.ITestResult)[pri:0, instance:testcases.CBCS_105AsReiverSearchOneOrderUsingOrderNumber@180bc464]" name="validateTestStandar" is-config="true" duration-ms="0" started-at="2015-01-28T09:08:11Z" finished-at="2015-01-28T09:08:11Z">
          <reporter-output>
          </reporter-output>
        </test-method> <!-- validateTestStandar -->
      </class> <!-- testcases.CBCS_105AsReiverSearchOneOrderUsingOrderNumber -->
      <class name="testcases.CBCS_322AsAdminICanDeleteAPublisher">
        <test-method status="PASS" signature="setup()[pri:0, instance:testcases.CBCS_322AsAdminICanDeleteAPublisher@6b2fad11]" name="setup" is-config="true" duration-ms="2050" started-at="2015-01-28T09:04:48Z" finished-at="2015-01-28T09:04:50Z">
          <reporter-output>
          </reporter-output>
        </test-method> <!-- setup -->
        <test-method status="PASS" signature="asAdminICanDeleteAPublisherTest(java.lang.String, java.lang.String, java.lang.String, java.lang.String, java.lang.String, java.lang.String)[pri:0, instance:testcases.CBCS_322AsAdminICanDeleteAPublisher@6b2fad11]" name="asAdminICanDeleteAPublisherTest" duration-ms="12214" started-at="2015-01-28T09:04:50Z" data-provider="data" finished-at="2015-01-28T09:05:02Z">
          <params>
            <param index="0">
              <value>
                <![CDATA[lqadmin]]>
              </value>
            </param>
            <param index="1">
              <value>
                <![CDATA[123]]>
              </value>
            </param>
            <param index="2">
              <value>
                <![CDATA[admin]]>
              </value>
            </param>
            <param index="3">
              <value>
                <![CDATA[Publishers]]>
              </value>
            </param>
            <param index="4">
              <value>
                <![CDATA[PublisherTest]]>
              </value>
            </param>
            <param index="5">
              <value>
                <![CDATA[PublisherEdited]]>
              </value>
            </param>
          </params>
          <reporter-output>
          </reporter-output>
        </test-method> <!-- asAdminICanDeleteAPublisherTest -->
        <test-method status="PASS" signature="close()[pri:0, instance:testcases.CBCS_322AsAdminICanDeleteAPublisher@6b2fad11]" name="close" is-config="true" duration-ms="175" started-at="2015-01-28T09:05:02Z" finished-at="2015-01-28T09:05:03Z">
          <reporter-output>
          </reporter-output>
        </test-method> <!-- close -->
        <test-method status="PASS" signature="validateTestStandar(org.testng.ITestResult)[pri:0, instance:testcases.CBCS_322AsAdminICanDeleteAPublisher@6b2fad11]" name="validateTestStandar" is-config="true" duration-ms="1" started-at="2015-01-28T09:05:03Z" finished-at="2015-01-28T09:05:03Z">
          <params>
            <param index="0">
              <value>
                <![CDATA[[TestResult name=asAdminICanDeleteAPublisherTest status=SUCCESS method=CBCS_322AsAdminICanDeleteAPublisher.asAdminICanDeleteAPublisherTest(java.lang.String, java.lang.String, java.lang.String, java.lang.String, java.lang.String, java.lang.String)[pri:0, instance:testcases.CBCS_322AsAdminICanDeleteAPublisher@6b2fad11] output={null}]]]>
              </value>
            </param>
          </params>
          <reporter-output>
          </reporter-output>
        </test-method> <!-- validateTestStandar -->
      </class> <!-- testcases.CBCS_322AsAdminICanDeleteAPublisher -->
      <class name="testcases.CBCS_315AsAdminICanDeleteAReceiver">
        <test-method status="PASS" signature="setup()[pri:0, instance:testcases.CBCS_315AsAdminICanDeleteAReceiver@3f2a3a5]" name="setup" is-config="true" duration-ms="1985" started-at="2015-01-28T09:05:19Z" finished-at="2015-01-28T09:05:21Z">
          <reporter-output>
          </reporter-output>
        </test-method> <!-- setup -->
        <test-method status="PASS" signature="asAdminIMayDeleteAReceiverTest(java.lang.String, java.lang.String, java.lang.String, java.lang.String)[pri:0, instance:testcases.CBCS_315AsAdminICanDeleteAReceiver@3f2a3a5]" name="asAdminIMayDeleteAReceiverTest" duration-ms="10961" started-at="2015-01-28T09:05:21Z" data-provider="data" finished-at="2015-01-28T09:05:32Z">
          <params>
            <param index="0">
              <value>
                <![CDATA[lqadmin]]>
              </value>
            </param>
            <param index="1">
              <value>
                <![CDATA[123]]>
              </value>
            </param>
            <param index="2">
              <value>
                <![CDATA[admin]]>
              </value>
            </param>
            <param index="3">
              <value>
                <![CDATA[Receiver]]>
              </value>
            </param>
          </params>
          <reporter-output>
          </reporter-output>
        </test-method> <!-- asAdminIMayDeleteAReceiverTest -->
        <test-method status="PASS" signature="close()[pri:0, instance:testcases.CBCS_315AsAdminICanDeleteAReceiver@3f2a3a5]" name="close" is-config="true" duration-ms="158" started-at="2015-01-28T09:05:32Z" finished-at="2015-01-28T09:05:32Z">
          <reporter-output>
          </reporter-output>
        </test-method> <!-- close -->
        <test-method status="PASS" signature="validateTestStandar(org.testng.ITestResult)[pri:0, instance:testcases.CBCS_315AsAdminICanDeleteAReceiver@3f2a3a5]" name="validateTestStandar" is-config="true" duration-ms="0" started-at="2015-01-28T09:05:32Z" finished-at="2015-01-28T09:05:32Z">
          <params>
            <param index="0">
              <value>
                <![CDATA[[TestResult name=asAdminIMayDeleteAReceiverTest status=SUCCESS method=CBCS_315AsAdminICanDeleteAReceiver.asAdminIMayDeleteAReceiverTest(java.lang.String, java.lang.String, java.lang.String, java.lang.String)[pri:0, instance:testcases.CBCS_315AsAdminICanDeleteAReceiver@3f2a3a5] output={null}]]]>
              </value>
            </param>
          </params>
          <reporter-output>
          </reporter-output>
        </test-method> <!-- validateTestStandar -->
      </class> <!-- testcases.CBCS_315AsAdminICanDeleteAReceiver -->
      <class name="testcases.CBCS_80AsCustomerICanAddANewBillingAddress">
        <test-method status="PASS" signature="setup()[pri:0, instance:testcases.CBCS_80AsCustomerICanAddANewBillingAddress@42d3bd8b]" name="setup" is-config="true" duration-ms="2059" started-at="2015-01-28T08:56:03Z" finished-at="2015-01-28T08:56:05Z">
          <reporter-output>
          </reporter-output>
        </test-method> <!-- setup -->
        <test-method status="PASS" signature="asCustomerIMayAddANewBillingAddressTest(java.lang.String, java.lang.String)[pri:0, instance:testcases.CBCS_80AsCustomerICanAddANewBillingAddress@42d3bd8b]" name="asCustomerIMayAddANewBillingAddressTest" duration-ms="20211" started-at="2015-01-28T08:56:05Z" data-provider="data" finished-at="2015-01-28T08:56:26Z">
          <params>
            <param index="0">
              <value>
                <![CDATA[lquesadats@gmail.com]]>
              </value>
            </param>
            <param index="1">
              <value>
                <![CDATA[QAtest2014]]>
              </value>
            </param>
          </params>
          <reporter-output>
          </reporter-output>
        </test-method> <!-- asCustomerIMayAddANewBillingAddressTest -->
        <test-method status="PASS" signature="close()[pri:0, instance:testcases.CBCS_80AsCustomerICanAddANewBillingAddress@42d3bd8b]" name="close" is-config="true" duration-ms="6348" started-at="2015-01-28T08:56:26Z" finished-at="2015-01-28T08:56:32Z">
          <reporter-output>
          </reporter-output>
        </test-method> <!-- close -->
        <test-method status="PASS" signature="validateTestStandar(org.testng.ITestResult)[pri:0, instance:testcases.CBCS_80AsCustomerICanAddANewBillingAddress@42d3bd8b]" name="validateTestStandar" is-config="true" duration-ms="0" started-at="2015-01-28T08:56:32Z" finished-at="2015-01-28T08:56:32Z">
          <params>
            <param index="0">
              <value>
                <![CDATA[[TestResult name=asCustomerIMayAddANewBillingAddressTest status=SUCCESS method=CBCS_80AsCustomerICanAddANewBillingAddress.asCustomerIMayAddANewBillingAddressTest(java.lang.String, java.lang.String)[pri:0, instance:testcases.CBCS_80AsCustomerICanAddANewBillingAddress@42d3bd8b] output={null}]]]>
              </value>
            </param>
          </params>
          <reporter-output>
          </reporter-output>
        </test-method> <!-- validateTestStandar -->
      </class> <!-- testcases.CBCS_80AsCustomerICanAddANewBillingAddress -->
      <class name="testcases.CBCS_321AsAdminICanCreateANewPublisher">
        <test-method status="PASS" signature="setup()[pri:0, instance:testcases.CBCS_321AsAdminICanCreateANewPublisher@5ebec15]" name="setup" is-config="true" duration-ms="2113" started-at="2015-01-28T09:04:14Z" finished-at="2015-01-28T09:04:16Z">
          <reporter-output>
          </reporter-output>
        </test-method> <!-- setup -->
        <test-method status="PASS" signature="asAdminICanCreateANewPublisherTest(java.lang.String, java.lang.String, java.lang.String, java.lang.String, java.lang.String, java.lang.String)[pri:0, instance:testcases.CBCS_321AsAdminICanCreateANewPublisher@5ebec15]" name="asAdminICanCreateANewPublisherTest" duration-ms="8377" started-at="2015-01-28T09:04:16Z" data-provider="data" finished-at="2015-01-28T09:04:25Z">
          <params>
            <param index="0">
              <value>
                <![CDATA[lqadmin]]>
              </value>
            </param>
            <param index="1">
              <value>
                <![CDATA[123]]>
              </value>
            </param>
            <param index="2">
              <value>
                <![CDATA[admin]]>
              </value>
            </param>
            <param index="3">
              <value>
                <![CDATA[Publishers]]>
              </value>
            </param>
            <param index="4">
              <value>
                <![CDATA[PublisherTest]]>
              </value>
            </param>
            <param index="5">
              <value>
                <![CDATA[PublisherEdited]]>
              </value>
            </param>
          </params>
          <reporter-output>
          </reporter-output>
        </test-method> <!-- asAdminICanCreateANewPublisherTest -->
        <test-method status="PASS" signature="close()[pri:0, instance:testcases.CBCS_321AsAdminICanCreateANewPublisher@5ebec15]" name="close" is-config="true" duration-ms="4712" started-at="2015-01-28T09:04:25Z" finished-at="2015-01-28T09:04:30Z">
          <reporter-output>
          </reporter-output>
        </test-method> <!-- close -->
        <test-method status="PASS" signature="validateTestStandar(org.testng.ITestResult)[pri:0, instance:testcases.CBCS_321AsAdminICanCreateANewPublisher@5ebec15]" name="validateTestStandar" is-config="true" duration-ms="1" started-at="2015-01-28T09:04:30Z" finished-at="2015-01-28T09:04:30Z">
          <params>
            <param index="0">
              <value>
                <![CDATA[[TestResult name=asAdminICanCreateANewPublisherTest status=SUCCESS method=CBCS_321AsAdminICanCreateANewPublisher.asAdminICanCreateANewPublisherTest(java.lang.String, java.lang.String, java.lang.String, java.lang.String, java.lang.String, java.lang.String)[pri:0, instance:testcases.CBCS_321AsAdminICanCreateANewPublisher@5ebec15] output={null}]]]>
              </value>
            </param>
          </params>
          <reporter-output>
          </reporter-output>
        </test-method> <!-- validateTestStandar -->
      </class> <!-- testcases.CBCS_321AsAdminICanCreateANewPublisher -->
      <class name="testcases.CBCS_320AsAdminICanDeleteAVariant">
        <test-method status="PASS" signature="setup()[pri:0, instance:testcases.CBCS_320AsAdminICanDeleteAVariant@506e6d5e]" name="setup" is-config="true" duration-ms="2008" started-at="2015-01-28T09:03:18Z" finished-at="2015-01-28T09:03:20Z">
          <reporter-output>
          </reporter-output>
        </test-method> <!-- setup -->
        <test-method status="PASS" signature="asAdminICanDeleteAVariantTest(java.lang.String, java.lang.String, java.lang.String, java.lang.String, java.lang.String, java.lang.String)[pri:0, instance:testcases.CBCS_320AsAdminICanDeleteAVariant@506e6d5e]" name="asAdminICanDeleteAVariantTest" duration-ms="12572" started-at="2015-01-28T09:03:20Z" data-provider="data" finished-at="2015-01-28T09:03:32Z">
          <params>
            <param index="0">
              <value>
                <![CDATA[lqadmin]]>
              </value>
            </param>
            <param index="1">
              <value>
                <![CDATA[123]]>
              </value>
            </param>
            <param index="2">
              <value>
                <![CDATA[admin]]>
              </value>
            </param>
            <param index="3">
              <value>
                <![CDATA[Variants]]>
              </value>
            </param>
            <param index="4">
              <value>
                <![CDATA[VariantTest]]>
              </value>
            </param>
            <param index="5">
              <value>
                <![CDATA[VariantEdited]]>
              </value>
            </param>
          </params>
          <reporter-output>
          </reporter-output>
        </test-method> <!-- asAdminICanDeleteAVariantTest -->
        <test-method status="PASS" signature="close()[pri:0, instance:testcases.CBCS_320AsAdminICanDeleteAVariant@506e6d5e]" name="close" is-config="true" duration-ms="175" started-at="2015-01-28T09:03:33Z" finished-at="2015-01-28T09:03:33Z">
          <reporter-output>
          </reporter-output>
        </test-method> <!-- close -->
        <test-method status="PASS" signature="validateTestStandar(org.testng.ITestResult)[pri:0, instance:testcases.CBCS_320AsAdminICanDeleteAVariant@506e6d5e]" name="validateTestStandar" is-config="true" duration-ms="0" started-at="2015-01-28T09:03:33Z" finished-at="2015-01-28T09:03:33Z">
          <params>
            <param index="0">
              <value>
                <![CDATA[[TestResult name=asAdminICanDeleteAVariantTest status=SUCCESS method=CBCS_320AsAdminICanDeleteAVariant.asAdminICanDeleteAVariantTest(java.lang.String, java.lang.String, java.lang.String, java.lang.String, java.lang.String, java.lang.String)[pri:0, instance:testcases.CBCS_320AsAdminICanDeleteAVariant@506e6d5e] output={null}]]]>
              </value>
            </param>
          </params>
          <reporter-output>
          </reporter-output>
        </test-method> <!-- validateTestStandar -->
      </class> <!-- testcases.CBCS_320AsAdminICanDeleteAVariant -->
      <class name="testcases.CBCS_81AsFinalizerICanQualifyAComic">
        <test-method status="SKIP" signature="asFinalizerICanQualifyAComicTest(java.lang.String, java.lang.String, java.lang.String, java.lang.String, java.lang.String, java.lang.String, java.lang.String, java.lang.String, java.lang.String, java.lang.String, java.lang.String)[pri:0, instance:testcases.CBCS_81AsFinalizerICanQualifyAComic@380fb434]" name="asFinalizerICanQualifyAComicTest" duration-ms="0" depends-on-groups="changeTierStatusToGraded" started-at="2015-01-28T09:08:12Z" data-provider="data" finished-at="2015-01-28T09:08:12Z">
          <reporter-output>
          </reporter-output>
        </test-method> <!-- asFinalizerICanQualifyAComicTest -->
      </class> <!-- testcases.CBCS_81AsFinalizerICanQualifyAComic -->
      <class name="testcases.CBCS_77AdminLogin">
        <test-method status="PASS" signature="setup()[pri:0, instance:testcases.CBCS_77AdminLogin@22f71333]" name="setup" is-config="true" duration-ms="1962" started-at="2015-01-28T09:05:32Z" finished-at="2015-01-28T09:05:34Z">
          <reporter-output>
          </reporter-output>
        </test-method> <!-- setup -->
        <test-method status="PASS" signature="adminLoginTest(java.lang.String, java.lang.String, java.lang.String)[pri:0, instance:testcases.CBCS_77AdminLogin@22f71333]" name="adminLoginTest" duration-ms="4273" started-at="2015-01-28T09:05:34Z" data-provider="data" finished-at="2015-01-28T09:05:38Z">
          <params>
            <param index="0">
              <value>
                <![CDATA[lqadmin]]>
              </value>
            </param>
            <param index="1">
              <value>
                <![CDATA[123]]>
              </value>
            </param>
            <param index="2">
              <value>
                <![CDATA[admin]]>
              </value>
            </param>
          </params>
          <reporter-output>
          </reporter-output>
        </test-method> <!-- adminLoginTest -->
        <test-method status="PASS" signature="close()[pri:0, instance:testcases.CBCS_77AdminLogin@22f71333]" name="close" is-config="true" duration-ms="1035" started-at="2015-01-28T09:05:39Z" finished-at="2015-01-28T09:05:40Z">
          <reporter-output>
          </reporter-output>
        </test-method> <!-- close -->
        <test-method status="PASS" signature="validateTestStandar(org.testng.ITestResult)[pri:0, instance:testcases.CBCS_77AdminLogin@22f71333]" name="validateTestStandar" is-config="true" duration-ms="0" started-at="2015-01-28T09:05:40Z" finished-at="2015-01-28T09:05:40Z">
          <params>
            <param index="0">
              <value>
                <![CDATA[[TestResult name=adminLoginTest status=SUCCESS method=CBCS_77AdminLogin.adminLoginTest(java.lang.String, java.lang.String, java.lang.String)[pri:0, instance:testcases.CBCS_77AdminLogin@22f71333] output={null}]]]>
              </value>
            </param>
          </params>
          <reporter-output>
          </reporter-output>
        </test-method> <!-- validateTestStandar -->
      </class> <!-- testcases.CBCS_77AdminLogin -->
      <class name="testcases.CBCS_308AsSlabICanPrintLabelsOfAllComicBooks">
        <test-method status="SKIP" signature="asSlabICanPrintLabelsOfAllComicBooksTest(java.lang.String, java.lang.String, java.lang.String, java.lang.String, java.lang.String, java.lang.String, java.lang.String, java.lang.String, java.lang.String, java.lang.String, java.lang.String)[pri:0, instance:testcases.CBCS_308AsSlabICanPrintLabelsOfAllComicBooks@6aaa5eb0]" name="asSlabICanPrintLabelsOfAllComicBooksTest" duration-ms="0" depends-on-groups="FinalizerICanQualifyAComic" started-at="2015-01-28T09:08:12Z" data-provider="data" finished-at="2015-01-28T09:08:12Z">
          <reporter-output>
          </reporter-output>
        </test-method> <!-- asSlabICanPrintLabelsOfAllComicBooksTest -->
      </class> <!-- testcases.CBCS_308AsSlabICanPrintLabelsOfAllComicBooks -->
      <class name="testcases.CBCS_317AsCustomerICanUseMyBillingAddressAsShippingAddress">
        <test-method status="PASS" signature="setup()[pri:0, instance:testcases.CBCS_317AsCustomerICanUseMyBillingAddressAsShippingAddress@783e6358]" name="setup" is-config="true" duration-ms="2116" started-at="2015-01-28T08:58:39Z" finished-at="2015-01-28T08:58:41Z">
          <reporter-output>
          </reporter-output>
        </test-method> <!-- setup -->
        <test-method status="PASS" signature="asCustomerICanUseMyBillingAddressAsShippingAddressTest(java.lang.String, java.lang.String)[pri:0, instance:testcases.CBCS_317AsCustomerICanUseMyBillingAddressAsShippingAddress@783e6358]" name="asCustomerICanUseMyBillingAddressAsShippingAddressTest" duration-ms="38846" started-at="2015-01-28T08:58:41Z" data-provider="data" finished-at="2015-01-28T08:59:19Z">
          <params>
            <param index="0">
              <value>
                <![CDATA[lquesadats@gmail.com]]>
              </value>
            </param>
            <param index="1">
              <value>
                <![CDATA[QAtest2014]]>
              </value>
            </param>
          </params>
          <reporter-output>
          </reporter-output>
        </test-method> <!-- asCustomerICanUseMyBillingAddressAsShippingAddressTest -->
        <test-method status="PASS" signature="close()[pri:0, instance:testcases.CBCS_317AsCustomerICanUseMyBillingAddressAsShippingAddress@783e6358]" name="close" is-config="true" duration-ms="12515" started-at="2015-01-28T08:59:20Z" finished-at="2015-01-28T08:59:32Z">
          <reporter-output>
          </reporter-output>
        </test-method> <!-- close -->
        <test-method status="PASS" signature="validateTestStandar(org.testng.ITestResult)[pri:0, instance:testcases.CBCS_317AsCustomerICanUseMyBillingAddressAsShippingAddress@783e6358]" name="validateTestStandar" is-config="true" duration-ms="0" started-at="2015-01-28T08:59:32Z" finished-at="2015-01-28T08:59:32Z">
          <params>
            <param index="0">
              <value>
                <![CDATA[[TestResult name=asCustomerICanUseMyBillingAddressAsShippingAddressTest status=SUCCESS method=CBCS_317AsCustomerICanUseMyBillingAddressAsShippingAddress.asCustomerICanUseMyBillingAddressAsShippingAddressTest(java.lang.String, java.lang.String)[pri:0, instance:testcases.CBCS_317AsCustomerICanUseMyBillingAddressAsShippingAddress@783e6358] output={null}]]]>
              </value>
            </param>
          </params>
          <reporter-output>
          </reporter-output>
        </test-method> <!-- validateTestStandar -->
      </class> <!-- testcases.CBCS_317AsCustomerICanUseMyBillingAddressAsShippingAddress -->
      <class name="testcases.CBCS_316AsCustomerICanCreateAOrder">
        <test-method status="PASS" signature="setup()[pri:0, instance:testcases.CBCS_316AsCustomerICanCreateAOrder@3d8c7aca]" name="setup" is-config="true" duration-ms="2952" started-at="2015-01-28T08:51:52Z" finished-at="2015-01-28T08:51:54Z">
          <reporter-output>
          </reporter-output>
        </test-method> <!-- setup -->
        <test-method status="PASS" signature="asCustomerICanCreateAOrderTest(java.lang.String, java.lang.String, java.lang.String, java.lang.String, java.lang.String, java.lang.String, java.lang.String, java.lang.String, java.lang.String, java.lang.String)[pri:0, instance:testcases.CBCS_316AsCustomerICanCreateAOrder@3d8c7aca]" name="asCustomerICanCreateAOrderTest" duration-ms="57562" started-at="2015-01-28T08:51:54Z" data-provider="data" finished-at="2015-01-28T08:52:52Z">
          <params>
            <param index="0">
              <value>
                <![CDATA[lquesadats@gmail.com]]>
              </value>
            </param>
            <param index="1">
              <value>
                <![CDATA[QAtest2014]]>
              </value>
            </param>
            <param index="2">
              <value>
                <![CDATA[3]]>
              </value>
            </param>
            <param index="3">
              <value>
                <![CDATA[50]]>
              </value>
            </param>
            <param index="4">
              <value>
                <![CDATA[Aurora Copy]]>
              </value>
            </param>
            <param index="5">
              <value>
                <![CDATA[Consumer $29. Value up to $400]]>
              </value>
            </param>
            <param index="6">
              <value>
                <![CDATA[chkBilling0]]>
              </value>
            </param>
            <param index="7">
              <value>
                <![CDATA[address0]]>
              </value>
            </param>
            <param index="8">
              <value>
                <![CDATA[FEDEX]]>
              </value>
            </param>
            <param index="9">
              <value>
                <![CDATA[Credit Card]]>
              </value>
            </param>
          </params>
          <reporter-output>
          </reporter-output>
        </test-method> <!-- asCustomerICanCreateAOrderTest -->
        <test-method status="PASS" signature="close()[pri:0, instance:testcases.CBCS_316AsCustomerICanCreateAOrder@3d8c7aca]" name="close" is-config="true" duration-ms="161" started-at="2015-01-28T08:52:52Z" finished-at="2015-01-28T08:52:53Z">
          <reporter-output>
          </reporter-output>
        </test-method> <!-- close -->
        <test-method status="PASS" signature="validateTestStandar(org.testng.ITestResult)[pri:0, instance:testcases.CBCS_316AsCustomerICanCreateAOrder@3d8c7aca]" name="validateTestStandar" is-config="true" duration-ms="0" started-at="2015-01-28T08:52:53Z" finished-at="2015-01-28T08:52:53Z">
          <params>
            <param index="0">
              <value>
                <![CDATA[[TestResult name=asCustomerICanCreateAOrderTest status=SUCCESS method=CBCS_316AsCustomerICanCreateAOrder.asCustomerICanCreateAOrderTest(java.lang.String, java.lang.String, java.lang.String, java.lang.String, java.lang.String, java.lang.String, java.lang.String, java.lang.String, java.lang.String, java.lang.String)[pri:0, instance:testcases.CBCS_316AsCustomerICanCreateAOrder@3d8c7aca] output={null}]]]>
              </value>
            </param>
          </params>
          <reporter-output>
          </reporter-output>
        </test-method> <!-- validateTestStandar -->
      </class> <!-- testcases.CBCS_316AsCustomerICanCreateAOrder -->
      <class name="testcases.CBCS_321AsCustomerICanSelectPickUpAtConvetionAsShipping">
        <test-method status="PASS" signature="setup()[pri:0, instance:testcases.CBCS_321AsCustomerICanSelectPickUpAtConvetionAsShipping@38082d64]" name="setup" is-config="true" duration-ms="2088" started-at="2015-01-28T08:54:08Z" finished-at="2015-01-28T08:54:10Z">
          <reporter-output>
          </reporter-output>
        </test-method> <!-- setup -->
[...]
          <reporter-output>
          </reporter-output>
        </test-method> <!-- close -->
        <test-method status="PASS" signature="validateTestStandar(org.testng.ITestResult)[pri:0, instance:testcases.CBCS_306AsReceiverICanChangeOrderStatusToInSafe@246ae04d]" name="validateTestStandar" is-config="true" duration-ms="0" started-at="2015-01-28T09:07:09Z" finished-at="2015-01-28T09:07:09Z">
          <params>
            <param index="0">
              <value>
                <![CDATA[[TestResult name=changeOrderStatusToInSafeTest status=FAILURE method=CBCS_306AsReceiverICanChangeOrderStatusToInSafe.changeOrderStatusToInSafeTest(java.lang.String, java.lang.String, java.lang.String, java.lang.String, java.lang.String, java.lang.String, java.lang.String, java.lang.String, java.lang.String, java.lang.String, java.lang.String)[pri:0, instance:testcases.CBCS_306AsReceiverICanChangeOrderStatusToInSafe@246ae04d] output={null}]]]>
              </value>
            </param>
          </params>
          <reporter-output>
          </reporter-output>
        </test-method> <!-- validateTestStandar -->
        <test-method status="PASS" signature="setup()[pri:0, instance:testcases.CBCS_306AsReceiverICanChangeOrderStatusToInSafe@246ae04d]" name="setup" is-config="true" duration-ms="2805" started-at="2015-01-28T09:07:09Z" finished-at="2015-01-28T09:07:12Z">
          <reporter-output>
          </reporter-output>
        </test-method> <!-- setup -->
        <test-method status="FAIL" signature="changeOrderStatusToInSafeTest(java.lang.String, java.lang.String, java.lang.String, java.lang.String, java.lang.String, java.lang.String, java.lang.String, java.lang.String, java.lang.String, java.lang.String, java.lang.String)[pri:0, instance:testcases.CBCS_306AsReceiverICanChangeOrderStatusToInSafe@246ae04d]" name="changeOrderStatusToInSafeTest" duration-ms="38719" depends-on-groups="CreateOrder" started-at="2015-01-28T09:07:12Z" data-provider="data" finished-at="2015-01-28T09:07:51Z">
          <params>
            <param index="0">
              <value>
                <![CDATA[lqreceiver]]>
              </value>
            </param>
            <param index="1">
              <value>
                <![CDATA[123]]>
              </value>
            </param>
            <param index="2">
              <value>
                <![CDATA[receiver]]>
              </value>
            </param>
            <param index="3">
              <value>
                <![CDATA[0002958-AA]]>
              </value>
            </param>
            <param index="4">
              <value>
                <![CDATA[3]]>
              </value>
            </param>
            <param index="5">
              <value>
                <![CDATA[1]]>
              </value>
            </param>
            <param index="6">
              <value>
                <![CDATA[3]]>
              </value>
            </param>
            <param index="7">
              <value>
                <![CDATA[9.4]]>
              </value>
            </param>
            <param index="8">
              <value>
                <![CDATA[White]]>
              </value>
            </param>
            <param index="9">
              <value>
                <![CDATA[In Safe]]>
              </value>
            </param>
            <param index="10">
              <value>
                <![CDATA[Receiver]]>
              </value>
            </param>
          </params>
          <exception class="java.lang.AssertionError">
            <message>
              <![CDATA[expected [true] but found [false]]]>
            </message>
            <full-stacktrace>
              <![CDATA[java.lang.AssertionError: expected [true] but found [false]
	at org.testng.Assert.fail(Assert.java:94)
	at org.testng.Assert.failNotEquals(Assert.java:494)
	at org.testng.Assert.assertTrue(Assert.java:42)
	at org.testng.Assert.assertTrue(Assert.java:52)
	at pages.ProcessOrderReceiverPage$2.Validate(ProcessOrderReceiverPage.java:100)
	at com.ts.commons.TestCaseUtil.check(TestCaseUtil.java:72)
	at testcases.CBCS_306AsReceiverICanChangeOrderStatusToInSafe.changeOrderStatusToInSafeTest(CBCS_306AsReceiverICanChangeOrderStatusToInSafe.java:59)
	at sun.reflect.NativeMethodAccessorImpl.invoke0(Native Method)
	at sun.reflect.NativeMethodAccessorImpl.invoke(Unknown Source)
	at sun.reflect.DelegatingMethodAccessorImpl.invoke(Unknown Source)
	at java.lang.reflect.Method.invoke(Unknown Source)
	at org.testng.internal.MethodInvocationHelper.invokeMethod(MethodInvocationHelper.java:84)
	at org.testng.internal.Invoker.invokeMethod(Invoker.java:714)
	at org.testng.internal.Invoker.retryFailed(Invoker.java:1049)
	at org.testng.internal.Invoker.invokeTestMethods(Invoker.java:1254)
	at org.testng.internal.TestMethodWorker.invokeTestMethods(TestMethodWorker.java:127)
	at org.testng.internal.TestMethodWorker.run(TestMethodWorker.java:111)
	at org.testng.TestRunner.privateRun(TestRunner.java:767)
	at org.testng.TestRunner.run(TestRunner.java:617)
	at org.testng.SuiteRunner.runTest(SuiteRunner.java:335)
	at org.testng.SuiteRunner.runSequentially(SuiteRunner.java:330)
	at org.testng.SuiteRunner.privateRun(SuiteRunner.java:291)
	at org.testng.SuiteRunner.run(SuiteRunner.java:240)
	at org.testng.SuiteRunnerWorker.runSuite(SuiteRunnerWorker.java:52)
	at org.testng.SuiteRunnerWorker.run(SuiteRunnerWorker.java:86)
	at org.testng.TestNG.runSuitesSequentially(TestNG.java:1224)
	at org.testng.TestNG.runSuitesLocally(TestNG.java:1149)
	at org.testng.TestNG.run(TestNG.java:1057)
	at org.testng.remote.RemoteTestNG.run(RemoteTestNG.java:111)
	at org.testng.remote.RemoteTestNG.initAndRun(RemoteTestNG.java:204)
	at org.testng.remote.RemoteTestNG.main(RemoteTestNG.java:175)
]]>
            </full-stacktrace>
          </exception> <!-- java.lang.AssertionError -->
          <reporter-output>
          </reporter-output>
        </test-method> <!-- changeOrderStatusToInSafeTest -->
        <test-method status="PASS" signature="close()[pri:0, instance:testcases.CBCS_306AsReceiverICanChangeOrderStatusToInSafe@246ae04d]" name="close" is-config="true" duration-ms="150" started-at="2015-01-28T09:07:51Z" finished-at="2015-01-28T09:07:51Z">
          <reporter-output>
          </reporter-output>
        </test-method> <!-- close -->
        <test-method status="PASS" signature="validateTestStandar(org.testng.ITestResult)[pri:0, instance:testcases.CBCS_306AsReceiverICanChangeOrderStatusToInSafe@246ae04d]" name="validateTestStandar" is-config="true" duration-ms="0" started-at="2015-01-28T09:07:51Z" finished-at="2015-01-28T09:07:51Z">
          <params>
            <param index="0">
              <value>
                <![CDATA[[TestResult name=changeOrderStatusToInSafeTest status=FAILURE method=CBCS_306AsReceiverICanChangeOrderStatusToInSafe.changeOrderStatusToInSafeTest(java.lang.String, java.lang.String, java.lang.String, java.lang.String, java.lang.String, java.lang.String, java.lang.String, java.lang.String, java.lang.String, java.lang.String, java.lang.String)[pri:0, instance:testcases.CBCS_306AsReceiverICanChangeOrderStatusToInSafe@246ae04d] output={null}]]]>
              </value>
            </param>
          </params>
          <reporter-output>
          </reporter-output>
        </test-method> <!-- validateTestStandar -->
      </class> <!-- testcases.CBCS_306AsReceiverICanChangeOrderStatusToInSafe -->
      <class name="testcases.CBCS_318AsCustomerICanDeleteABillingAddress">
        <test-method status="PASS" signature="setup()[pri:0, instance:testcases.CBCS_318AsCustomerICanDeleteABillingAddress@3fb6a447]" name="setup" is-config="true" duration-ms="2134" started-at="2015-01-28T08:57:19Z" finished-at="2015-01-28T08:57:21Z">
          <reporter-output>
          </reporter-output>
        </test-method> <!-- setup -->
        <test-method status="PASS" signature="asCustomerICanDeleteABillingAddressTest(java.lang.String, java.lang.String)[pri:0, instance:testcases.CBCS_318AsCustomerICanDeleteABillingAddress@3fb6a447]" name="asCustomerICanDeleteABillingAddressTest" duration-ms="41829" started-at="2015-01-28T08:57:21Z" data-provider="data" finished-at="2015-01-28T08:58:03Z">
          <params>
            <param index="0">
              <value>
                <![CDATA[lquesadats@gmail.com]]>
              </value>
            </param>
            <param index="1">
              <value>
                <![CDATA[QAtest2014]]>
              </value>
            </param>
          </params>
          <reporter-output>
          </reporter-output>
        </test-method> <!-- asCustomerICanDeleteABillingAddressTest -->
        <test-method status="PASS" signature="close()[pri:0, instance:testcases.CBCS_318AsCustomerICanDeleteABillingAddress@3fb6a447]" name="close" is-config="true" duration-ms="156" started-at="2015-01-28T08:58:03Z" finished-at="2015-01-28T08:58:03Z">
          <reporter-output>
          </reporter-output>
        </test-method> <!-- close -->
        <test-method status="PASS" signature="validateTestStandar(org.testng.ITestResult)[pri:0, instance:testcases.CBCS_318AsCustomerICanDeleteABillingAddress@3fb6a447]" name="validateTestStandar" is-config="true" duration-ms="0" started-at="2015-01-28T08:58:03Z" finished-at="2015-01-28T08:58:03Z">
          <params>
            <param index="0">
              <value>
                <![CDATA[[TestResult name=asCustomerICanDeleteABillingAddressTest status=SUCCESS method=CBCS_318AsCustomerICanDeleteABillingAddress.asCustomerICanDeleteABillingAddressTest(java.lang.String, java.lang.String)[pri:0, instance:testcases.CBCS_318AsCustomerICanDeleteABillingAddress@3fb6a447] output={null}]]]>
              </value>
            </param>
          </params>
          <reporter-output>
          </reporter-output>
        </test-method> <!-- validateTestStandar -->
      </class> <!-- testcases.CBCS_318AsCustomerICanDeleteABillingAddress -->
      <class name="testcases.CBCS_305ReceiverLogin">
        <test-method status="PASS" signature="setup()[pri:0, instance:testcases.CBCS_305ReceiverLogin@614c5515]" name="setup" is-config="true" duration-ms="1982" started-at="2015-01-28T09:05:40Z" finished-at="2015-01-28T09:05:42Z">
          <reporter-output>
          </reporter-output>
        </test-method> <!-- setup -->
        <test-method status="PASS" signature="receiverLoginTest(java.lang.String, java.lang.String, java.lang.String, java.lang.String, java.lang.String, java.lang.String, java.lang.String, java.lang.String, java.lang.String, java.lang.String, java.lang.String)[pri:0, instance:testcases.CBCS_305ReceiverLogin@614c5515]" name="receiverLoginTest" duration-ms="4579" started-at="2015-01-28T09:05:42Z" data-provider="data" finished-at="2015-01-28T09:05:47Z">
          <params>
            <param index="0">
              <value>
                <![CDATA[lqreceiver]]>
              </value>
            </param>
            <param index="1">
              <value>
                <![CDATA[123]]>
              </value>
            </param>
            <param index="2">
              <value>
                <![CDATA[receiver]]>
              </value>
            </param>
            <param index="3">
              <value>
                <![CDATA[0002958-AA]]>
              </value>
            </param>
            <param index="4">
              <value>
                <![CDATA[3]]>
              </value>
            </param>
            <param index="5">
              <value>
                <![CDATA[1]]>
              </value>
            </param>
            <param index="6">
              <value>
                <![CDATA[3]]>
              </value>
            </param>
            <param index="7">
              <value>
                <![CDATA[9.4]]>
              </value>
            </param>
            <param index="8">
              <value>
                <![CDATA[White]]>
              </value>
            </param>
            <param index="9">
              <value>
                <![CDATA[In Safe]]>
              </value>
            </param>
            <param index="10">
              <value>
                <![CDATA[Receiver]]>
              </value>
            </param>
          </params>
          <reporter-output>
          </reporter-output>
        </test-method> <!-- receiverLoginTest -->
        <test-method status="PASS" signature="close()[pri:0, instance:testcases.CBCS_305ReceiverLogin@614c5515]" name="close" is-config="true" duration-ms="1121" started-at="2015-01-28T09:05:47Z" finished-at="2015-01-28T09:05:48Z">
          <reporter-output>
          </reporter-output>
        </test-method> <!-- close -->
        <test-method status="PASS" signature="validateTestStandar(org.testng.ITestResult)[pri:0, instance:testcases.CBCS_305ReceiverLogin@614c5515]" name="validateTestStandar" is-config="true" duration-ms="0" started-at="2015-01-28T09:05:48Z" finished-at="2015-01-28T09:05:48Z">
          <params>
            <param index="0">
              <value>
                <![CDATA[[TestResult name=receiverLoginTest status=SUCCESS method=CBCS_305ReceiverLogin.receiverLoginTest(java.lang.String, java.lang.String, java.lang.String, java.lang.String, java.lang.String, java.lang.String, java.lang.String, java.lang.String, java.lang.String, java.lang.String, java.lang.String)[pri:0, instance:testcases.CBCS_305ReceiverLogin@614c5515] output={null}]]]>
              </value>
            </param>
          </params>
          <reporter-output>
          </reporter-output>
        </test-method> <!-- validateTestStandar -->
      </class> <!-- testcases.CBCS_305ReceiverLogin -->
      <class name="testcases.CBCS_319AsAdminICanCreateANewVariant">
        <test-method status="PASS" signature="setup()[pri:0, instance:testcases.CBCS_319AsAdminICanCreateANewVariant@64616ca2]" name="setup" is-config="true" duration-ms="1990" started-at="2015-01-28T09:03:04Z" finished-at="2015-01-28T09:03:06Z">
          <reporter-output>
          </reporter-output>
        </test-method> <!-- setup -->
        <test-method status="PASS" signature="asAdminICanCreateANewVariantTest(java.lang.String, java.lang.String, java.lang.String, java.lang.String, java.lang.String, java.lang.String)[pri:0, instance:testcases.CBCS_319AsAdminICanCreateANewVariant@64616ca2]" name="asAdminICanCreateANewVariantTest" duration-ms="6373" started-at="2015-01-28T09:03:06Z" data-provider="data" finished-at="2015-01-28T09:03:12Z">
          <params>
            <param index="0">
              <value>
                <![CDATA[lqadmin]]>
              </value>
            </param>
            <param index="1">
              <value>
                <![CDATA[123]]>
              </value>
            </param>
            <param index="2">
              <value>
                <![CDATA[admin]]>
              </value>
            </param>
            <param index="3">
              <value>
                <![CDATA[Variants]]>
              </value>
            </param>
            <param index="4">
              <value>
                <![CDATA[VariantTest]]>
              </value>
            </param>
            <param index="5">
              <value>
                <![CDATA[VariantEdited]]>
              </value>
            </param>
          </params>
          <reporter-output>
          </reporter-output>
        </test-method> <!-- asAdminICanCreateANewVariantTest -->
        <test-method status="PASS" signature="close()[pri:0, instance:testcases.CBCS_319AsAdminICanCreateANewVariant@64616ca2]" name="close" is-config="true" duration-ms="4672" started-at="2015-01-28T09:03:13Z" finished-at="2015-01-28T09:03:17Z">
          <reporter-output>
          </reporter-output>
        </test-method> <!-- close -->
        <test-method status="PASS" signature="validateTestStandar(org.testng.ITestResult)[pri:0, instance:testcases.CBCS_319AsAdminICanCreateANewVariant@64616ca2]" name="validateTestStandar" is-config="true" duration-ms="0" started-at="2015-01-28T09:03:17Z" finished-at="2015-01-28T09:03:17Z">
          <params>
            <param index="0">
              <value>
                <![CDATA[[TestResult name=asAdminICanCreateANewVariantTest status=SUCCESS method=CBCS_319AsAdminICanCreateANewVariant.asAdminICanCreateANewVariantTest(java.lang.String, java.lang.String, java.lang.String, java.lang.String, java.lang.String, java.lang.String)[pri:0, instance:testcases.CBCS_319AsAdminICanCreateANewVariant@64616ca2] output={null}]]]>
              </value>
            </param>
          </params>
          <reporter-output>
          </reporter-output>
        </test-method> <!-- validateTestStandar -->
      </class> <!-- testcases.CBCS_319AsAdminICanCreateANewVariant -->
      <class name="testcases.CBCS_324AsAdminICanDeleteAPedigree">
        <test-method status="PASS" signature="setup()[pri:0, instance:testcases.CBCS_324AsAdminICanDeleteAPedigree@2ef9b8bc]" name="setup" is-config="true" duration-ms="2011" started-at="2015-01-28T09:03:56Z" finished-at="2015-01-28T09:03:58Z">
          <reporter-output>
          </reporter-output>
        </test-method> <!-- setup -->
        <test-method status="PASS" signature="asAdminICanDeleteAPedigreeTest(java.lang.String, java.lang.String, java.lang.String, java.lang.String, java.lang.String, java.lang.String)[pri:0, instance:testcases.CBCS_324AsAdminICanDeleteAPedigree@2ef9b8bc]" name="asAdminICanDeleteAPedigreeTest" duration-ms="15844" started-at="2015-01-28T09:03:58Z" data-provider="data" finished-at="2015-01-28T09:04:13Z">
          <params>
            <param index="0">
              <value>
                <![CDATA[lqadmin]]>
              </value>
            </param>
            <param index="1">
              <value>
                <![CDATA[123]]>
              </value>
            </param>
            <param index="2">
              <value>
                <![CDATA[admin]]>
              </value>
            </param>
            <param index="3">
              <value>
                <![CDATA[Pedigrees]]>
              </value>
            </param>
            <param index="4">
              <value>
                <![CDATA[PedigreeTest]]>
              </value>
            </param>
            <param index="5">
              <value>
                <![CDATA[PedigreeEdited]]>
              </value>
            </param>
          </params>
          <reporter-output>
          </reporter-output>
        </test-method> <!-- asAdminICanDeleteAPedigreeTest -->
        <test-method status="PASS" signature="close()[pri:0, instance:testcases.CBCS_324AsAdminICanDeleteAPedigree@2ef9b8bc]" name="close" is-config="true" duration-ms="208" started-at="2015-01-28T09:04:14Z" finished-at="2015-01-28T09:04:14Z">
          <reporter-output>
          </reporter-output>
        </test-method> <!-- close -->
        <test-method status="PASS" signature="validateTestStandar(org.testng.ITestResult)[pri:0, instance:testcases.CBCS_324AsAdminICanDeleteAPedigree@2ef9b8bc]" name="validateTestStandar" is-config="true" duration-ms="0" started-at="2015-01-28T09:04:14Z" finished-at="2015-01-28T09:04:14Z">
          <params>
            <param index="0">
              <value>
                <![CDATA[[TestResult name=asAdminICanDeleteAPedigreeTest status=SUCCESS method=CBCS_324AsAdminICanDeleteAPedigree.asAdminICanDeleteAPedigreeTest(java.lang.String, java.lang.String, java.lang.String, java.lang.String, java.lang.String, java.lang.String)[pri:0, instance:testcases.CBCS_324AsAdminICanDeleteAPedigree@2ef9b8bc] output={null}]]]>
              </value>
            </param>
          </params>
          <reporter-output>
          </reporter-output>
        </test-method> <!-- validateTestStandar -->
      </class> <!-- testcases.CBCS_324AsAdminICanDeleteAPedigree -->
    </test> <!-- Test -->
  </suite> <!-- Suite -->
</testng-results>
